#
# There is insufficient memory for the Java Runtime Environment to continue.
# Native memory allocation (mmap) failed to map 65536 bytes for Failed to commit metaspace.
# Possible reasons:
#   The system is out of physical RAM or swap space
#   The process is running with CompressedOops enabled, and the Java Heap may be blocking the growth of the native heap
# Possible solutions:
#   Reduce memory load on the system
#   Increase physical memory or swap space
#   Check if swap backing store is full
#   Decrease Java heap size (-Xmx/-Xms)
#   Decrease number of Java threads
#   Decrease Java thread stack sizes (-Xss)
#   Set larger code cache with -XX:ReservedCodeCacheSize=
#   JVM is running with Zero Based Compressed Oops mode in which the Java heap is
#     placed in the first 32GB address space. The Java Heap base address is the
#     maximum limit for the native heap growth. Please use -XX:HeapBaseMinAddress
#     to set the Java Heap base and to place the Java Heap above 32GB virtual address.
# This output file may be truncated or incomplete.
#
#  Out of Memory Error (virtualSpaceNode.cpp:110), pid=6616, tid=5584
#
# JRE version: Java(TM) SE Runtime Environment (17.0.1+12) (build 17.0.1+12-LTS-39)
# Java VM: Java HotSpot(TM) 64-Bit Server VM (17.0.1+12-LTS-39, mixed mode, emulated-client, sharing, tiered, compressed oops, compressed class ptrs, g1 gc, windows-amd64)
# No core dump will be written. Minidumps are not enabled by default on client versions of Windows
#

---------------  S U M M A R Y ------------

Command Line: -XX:TieredStopAtLevel=1 -Dspring.output.ansi.enabled=always -Dcom.sun.management.jmxremote -Dspring.jmx.enabled=true -Dspring.liveBeansView.mbeanDomain -Dspring.application.admin.enabled=true -Dmanagement.endpoints.jmx.exposure.include=* -javaagent:C:\Program Files\JetBrains\IntelliJ IDEA 2022.3.1\lib\idea_rt.jar=52629:C:\Program Files\JetBrains\IntelliJ IDEA 2022.3.1\bin -Dfile.encoding=UTF-8 ru.kata.spring.boot_security.demo.SpringBootSecurityDemoApplication

Host: AMD Ryzen 3 PRO 3200G with Radeon Vega Graphics, 4 cores, 15G,  Windows 10 , 64 bit Build 19041 (10.0.19041.292)
Time: Thu Mar  9 00:30:35 2023 RTZ 2 (s 10 , 64 bit Build 19041 (10.0.19041.292) elapsed time: 1.150511 seconds (0d 0h 0m 1s)

---------------  T H R E A D  ---------------

Current thread (0x000002308869e200):  JavaThread "main" [_thread_in_vm, id=5584, stack(0x000000c498300000,0x000000c498400000)]

Stack: [0x000000c498300000,0x000000c498400000]
Native frames: (J=compiled Java code, j=interpreted, Vv=VM code, C=native code)
V  [jvm.dll+0x66fa1a]
V  [jvm.dll+0x7ce5a4]
V  [jvm.dll+0x7cfd4e]
V  [jvm.dll+0x7d03b3]
V  [jvm.dll+0x242b05]
V  [jvm.dll+0x7ca54b]
V  [jvm.dll+0x615b76]
V  [jvm.dll+0x1be19e]
V  [jvm.dll+0x6184b1]
V  [jvm.dll+0x616516]
V  [jvm.dll+0x2405cc]
V  [jvm.dll+0x6c5edd]
V  [jvm.dll+0x6c690f]
V  [jvm.dll+0x36c1c3]
V  [jvm.dll+0x36b382]
V  [jvm.dll+0x36b328]
V  [jvm.dll+0x559245]
V  [jvm.dll+0x55836d]
V  [jvm.dll+0x37f027]
V  [jvm.dll+0x37e67f]
C  0x00000230916c9222

Java frames: (J=compiled Java code, j=interpreted, Vv=VM code)
j  org.springframework.context.annotation.AnnotationConfigUtils.attributesFor(Lorg/springframework/core/type/AnnotatedTypeMetadata;Ljava/lang/String;)Lorg/springframework/core/annotation/AnnotationAttributes;+7
j  org.springframework.context.annotation.AnnotationConfigUtils.attributesFor(Lorg/springframework/core/type/AnnotatedTypeMetadata;Ljava/lang/Class;)Lorg/springframework/core/annotation/AnnotationAttributes;+5
j  org.springframework.context.annotation.AnnotationScopeMetadataResolver.resolveScopeMetadata(Lorg/springframework/beans/factory/config/BeanDefinition;)Lorg/springframework/context/annotation/ScopeMetadata;+30
j  org.springframework.context.annotation.AnnotatedBeanDefinitionReader.doRegisterBean(Ljava/lang/Class;Ljava/lang/String;[Ljava/lang/Class;Ljava/util/function/Supplier;[Lorg/springframework/beans/factory/config/BeanDefinitionCustomizer;)V+39
j  org.springframework.context.annotation.AnnotatedBeanDefinitionReader.registerBean(Ljava/lang/Class;)V+6
j  org.springframework.context.annotation.AnnotatedBeanDefinitionReader.register([Ljava/lang/Class;)V+23
j  org.springframework.boot.BeanDefinitionLoader.load(Ljava/lang/Class;)V+63
j  org.springframework.boot.BeanDefinitionLoader.load(Ljava/lang/Object;)V+18
j  org.springframework.boot.BeanDefinitionLoader.load()V+23
j  org.springframework.boot.SpringApplication.load(Lorg/springframework/context/ApplicationContext;[Ljava/lang/Object;)V+98
j  org.springframework.boot.SpringApplication.prepareContext(Lorg/springframework/boot/DefaultBootstrapContext;Lorg/springframework/context/ConfigurableApplicationContext;Lorg/springframework/core/env/ConfigurableEnvironment;Lorg/springframework/boot/SpringApplicationRunListeners;Lorg/springframework/boot/ApplicationArguments;Lorg/springframework/boot/Banner;)V+179
j  org.springframework.boot.SpringApplication.run([Ljava/lang/String;)Lorg/springframework/context/ConfigurableApplicationContext;+101
j  org.springframework.boot.SpringApplication.run([Ljava/lang/Class;[Ljava/lang/String;)Lorg/springframework/context/ConfigurableApplicationContext;+9
j  org.springframework.boot.SpringApplication.run(Ljava/lang/Class;[Ljava/lang/String;)Lorg/springframework/context/ConfigurableApplicationContext;+9
j  ru.kata.spring.boot_security.demo.SpringBootSecurityDemoApplication.main([Ljava/lang/String;)V+3
v  ~StubRoutines::call_stub

---------------  P R O C E S S  ---------------

Threads class SMR info:
_java_thread_list=0x00000230a1e322a0, length=16, elements={
0x000002308869e200, 0x00000230a0923230, 0x00000230a09260b0, 0x00000230a093b0f0,
0x00000230a093de70, 0x00000230a093f830, 0x00000230a09401e0, 0x00000230a094e0b0,
0x00000230a094eaa0, 0x00000230a1431050, 0x00000230a090f070, 0x00000230a090f760,
0x00000230a17fd7f0, 0x00000230a17fdcc0, 0x00000230a19ac430, 0x00000230a1e16300
}

Java Threads: ( => current thread )
=>0x000002308869e200 JavaThread "main" [_thread_in_vm, id=5584, stack(0x000000c498300000,0x000000c498400000)]
  0x00000230a0923230 JavaThread "Reference Handler" daemon [_thread_blocked, id=8732, stack(0x000000c498a00000,0x000000c498b00000)]
  0x00000230a09260b0 JavaThread "Finalizer" daemon [_thread_blocked, id=17108, stack(0x000000c498b00000,0x000000c498c00000)]
  0x00000230a093b0f0 JavaThread "Signal Dispatcher" daemon [_thread_blocked, id=19380, stack(0x000000c498c00000,0x000000c498d00000)]
  0x00000230a093de70 JavaThread "Attach Listener" daemon [_thread_blocked, id=15640, stack(0x000000c498d00000,0x000000c498e00000)]
  0x00000230a093f830 JavaThread "Service Thread" daemon [_thread_blocked, id=5160, stack(0x000000c498e00000,0x000000c498f00000)]
  0x00000230a09401e0 JavaThread "Monitor Deflation Thread" daemon [_thread_blocked, id=20400, stack(0x000000c498f00000,0x000000c499000000)]
  0x00000230a094e0b0 JavaThread "C1 CompilerThread0" daemon [_thread_blocked, id=26468, stack(0x000000c499000000,0x000000c499100000)]
  0x00000230a094eaa0 JavaThread "Sweeper thread" daemon [_thread_blocked, id=13332, stack(0x000000c499100000,0x000000c499200000)]
  0x00000230a1431050 JavaThread "Common-Cleaner" daemon [_thread_blocked, id=23956, stack(0x000000c499200000,0x000000c499300000)]
  0x00000230a090f070 JavaThread "C1 CompilerThread1" daemon [_thread_blocked, id=26016, stack(0x000000c499300000,0x000000c499400000)]
  0x00000230a090f760 JavaThread "C1 CompilerThread2" daemon [_thread_blocked, id=10568, stack(0x000000c499400000,0x000000c499500000)]
  0x00000230a17fd7f0 JavaThread "Monitor Ctrl-Break" daemon [_thread_in_native, id=8756, stack(0x000000c499500000,0x000000c499600000)]
  0x00000230a17fdcc0 JavaThread "Notification Thread" daemon [_thread_blocked, id=22144, stack(0x000000c499600000,0x000000c499700000)]
  0x00000230a19ac430 JavaThread "RMI TCP Accept-0" daemon [_thread_in_native, id=21632, stack(0x000000c499700000,0x000000c499800000)]
  0x00000230a1e16300 JavaThread "background-preinit" [_thread_in_vm, id=9348, stack(0x000000c499e00000,0x000000c499f00000)]

Other Threads:
  0x00000230a091d620 VMThread "VM Thread" [stack: 0x000000c498900000,0x000000c498a00000] [id=10916]
  0x0000023088706f90 WatcherThread [stack: 0x000000c499800000,0x000000c499900000] [id=15700]
  0x00000230886ec9d0 GCTaskThread "GC Thread#0" [stack: 0x000000c498400000,0x000000c498500000] [id=18240]
  0x00000230a1a52810 GCTaskThread "GC Thread#1" [stack: 0x000000c499900000,0x000000c499a00000] [id=25176]
  0x00000230a1a52ac0 GCTaskThread "GC Thread#2" [stack: 0x000000c499a00000,0x000000c499b00000] [id=10236]
  0x00000230a1a6df40 GCTaskThread "GC Thread#3" [stack: 0x000000c499b00000,0x000000c499c00000] [id=21652]
  0x00000230886fd850 ConcurrentGCThread "G1 Main Marker" [stack: 0x000000c498500000,0x000000c498600000] [id=23204]
  0x00000230886fea00 ConcurrentGCThread "G1 Conc#0" [stack: 0x000000c498600000,0x000000c498700000] [id=9944]
  0x0000023088767550 ConcurrentGCThread "G1 Refine#0" [stack: 0x000000c498700000,0x000000c498800000] [id=12940]
  0x00000230a1a56c50 ConcurrentGCThread "G1 Refine#1" [stack: 0x000000c499c00000,0x000000c499d00000] [id=22688]
  0x00000230a1a88030 ConcurrentGCThread "G1 Refine#2" [stack: 0x000000c499d00000,0x000000c499e00000] [id=26224]
  0x00000230a07e20c0 ConcurrentGCThread "G1 Service" [stack: 0x000000c498800000,0x000000c498900000] [id=14436]

Threads with active compile tasks:

VM state: not at safepoint (normal execution)

VM Mutex/Monitor currently owned by a thread:  ([mutex/lock_event])
[0x0000023088699c40] Metaspace_lock - owner thread: 0x000002308869e200

Heap address: 0x0000000700c00000, size: 4084 MB, Compressed Oops mode: Zero based, Oop shift amount: 3

CDS archive(s) mapped at: [0x0000000800000000-0x0000000800bc0000-0x0000000800bc0000), size 12320768, SharedBaseAddress: 0x0000000800000000, ArchiveRelocationMode: 0.
Compressed class space mapped at: 0x0000000800c00000-0x0000000840c00000, reserved size: 1073741824
Narrow klass base: 0x0000000800000000, Narrow klass shift: 0, Narrow klass range: 0x100000000

GC Precious Log:
 CPUs: 4 total, 4 available
 Memory: 16331M
 Large Page Support: Disabled
 NUMA Support: Disabled
 Compressed Oops: Enabled (Zero based)
 Heap Region Size: 2M
 Heap Min Capacity: 8M
 Heap Initial Capacity: 256M
 Heap Max Capacity: 4084M
 Pre-touch: Disabled
 Parallel Workers: 4
 Concurrent Workers: 1
 Concurrent Refinement Workers: 4
 Periodic GC: Disabled

Heap:
 garbage-first heap   total 262144K, used 14801K [0x0000000700c00000, 0x0000000800000000)
  region size 2048K, 7 young (14336K), 2 survivors (4096K)
 Metaspace       used 13222K, committed 13376K, reserved 1064960K
  class space    used 1720K, committed 1792K, reserved 1048576K

Heap Regions: E=young(eden), S=young(survivor), O=old, HS=humongous(starts), HC=humongous(continues), CS=collection set, F=free, OA=open archive, CA=closed archive, TAMS=top-at-mark-start (previous, next)
|   0|0x0000000700c00000, 0x0000000700e00000, 0x0000000700e00000|100%| O|  |TAMS 0x0000000700c00000, 0x0000000700c00000| Untracked 
|   1|0x0000000700e00000, 0x0000000701000000, 0x0000000701000000|100%| O|  |TAMS 0x0000000700e00000, 0x0000000700e00000| Untracked 
|   2|0x0000000701000000, 0x0000000701155600, 0x0000000701200000| 66%| O|  |TAMS 0x0000000701000000, 0x0000000701000000| Untracked 
|   3|0x0000000701200000, 0x0000000701200000, 0x0000000701400000|  0%| F|  |TAMS 0x0000000701200000, 0x0000000701200000| Untracked 
|   4|0x0000000701400000, 0x0000000701400000, 0x0000000701600000|  0%| F|  |TAMS 0x0000000701400000, 0x0000000701400000| Untracked 
|   5|0x0000000701600000, 0x0000000701600000, 0x0000000701800000|  0%| F|  |TAMS 0x0000000701600000, 0x0000000701600000| Untracked 
|   6|0x0000000701800000, 0x0000000701800000, 0x0000000701a00000|  0%| F|  |TAMS 0x0000000701800000, 0x0000000701800000| Untracked 
|   7|0x0000000701a00000, 0x0000000701a00000, 0x0000000701c00000|  0%| F|  |TAMS 0x0000000701a00000, 0x0000000701a00000| Untracked 
|   8|0x0000000701c00000, 0x0000000701c00000, 0x0000000701e00000|  0%| F|  |TAMS 0x0000000701c00000, 0x0000000701c00000| Untracked 
|   9|0x0000000701e00000, 0x0000000701e00000, 0x0000000702000000|  0%| F|  |TAMS 0x0000000701e00000, 0x0000000701e00000| Untracked 
|  10|0x0000000702000000, 0x0000000702000000, 0x0000000702200000|  0%| F|  |TAMS 0x0000000702000000, 0x0000000702000000| Untracked 
|  11|0x0000000702200000, 0x0000000702200000, 0x0000000702400000|  0%| F|  |TAMS 0x0000000702200000, 0x0000000702200000| Untracked 
|  12|0x0000000702400000, 0x0000000702400000, 0x0000000702600000|  0%| F|  |TAMS 0x0000000702400000, 0x0000000702400000| Untracked 
|  13|0x0000000702600000, 0x0000000702600000, 0x0000000702800000|  0%| F|  |TAMS 0x0000000702600000, 0x0000000702600000| Untracked 
|  14|0x0000000702800000, 0x0000000702800000, 0x0000000702a00000|  0%| F|  |TAMS 0x0000000702800000, 0x0000000702800000| Untracked 
|  15|0x0000000702a00000, 0x0000000702a00000, 0x0000000702c00000|  0%| F|  |TAMS 0x0000000702a00000, 0x0000000702a00000| Untracked 
|  16|0x0000000702c00000, 0x0000000702c00000, 0x0000000702e00000|  0%| F|  |TAMS 0x0000000702c00000, 0x0000000702c00000| Untracked 
|  17|0x0000000702e00000, 0x0000000702e00000, 0x0000000703000000|  0%| F|  |TAMS 0x0000000702e00000, 0x0000000702e00000| Untracked 
|  18|0x0000000703000000, 0x0000000703000000, 0x0000000703200000|  0%| F|  |TAMS 0x0000000703000000, 0x0000000703000000| Untracked 
|  19|0x0000000703200000, 0x0000000703200000, 0x0000000703400000|  0%| F|  |TAMS 0x0000000703200000, 0x0000000703200000| Untracked 
|  20|0x0000000703400000, 0x0000000703400000, 0x0000000703600000|  0%| F|  |TAMS 0x0000000703400000, 0x0000000703400000| Untracked 
|  21|0x0000000703600000, 0x0000000703600000, 0x0000000703800000|  0%| F|  |TAMS 0x0000000703600000, 0x0000000703600000| Untracked 
|  22|0x0000000703800000, 0x0000000703800000, 0x0000000703a00000|  0%| F|  |TAMS 0x0000000703800000, 0x0000000703800000| Untracked 
|  23|0x0000000703a00000, 0x0000000703a00000, 0x0000000703c00000|  0%| F|  |TAMS 0x0000000703a00000, 0x0000000703a00000| Untracked 
|  24|0x0000000703c00000, 0x0000000703c00000, 0x0000000703e00000|  0%| F|  |TAMS 0x0000000703c00000, 0x0000000703c00000| Untracked 
|  25|0x0000000703e00000, 0x0000000703e00000, 0x0000000704000000|  0%| F|  |TAMS 0x0000000703e00000, 0x0000000703e00000| Untracked 
|  26|0x0000000704000000, 0x0000000704000000, 0x0000000704200000|  0%| F|  |TAMS 0x0000000704000000, 0x0000000704000000| Untracked 
|  27|0x0000000704200000, 0x0000000704200000, 0x0000000704400000|  0%| F|  |TAMS 0x0000000704200000, 0x0000000704200000| Untracked 
|  28|0x0000000704400000, 0x0000000704400000, 0x0000000704600000|  0%| F|  |TAMS 0x0000000704400000, 0x0000000704400000| Untracked 
|  29|0x0000000704600000, 0x0000000704600000, 0x0000000704800000|  0%| F|  |TAMS 0x0000000704600000, 0x0000000704600000| Untracked 
|  30|0x0000000704800000, 0x0000000704800000, 0x0000000704a00000|  0%| F|  |TAMS 0x0000000704800000, 0x0000000704800000| Untracked 
|  31|0x0000000704a00000, 0x0000000704a00000, 0x0000000704c00000|  0%| F|  |TAMS 0x0000000704a00000, 0x0000000704a00000| Untracked 
|  32|0x0000000704c00000, 0x0000000704c00000, 0x0000000704e00000|  0%| F|  |TAMS 0x0000000704c00000, 0x0000000704c00000| Untracked 
|  33|0x0000000704e00000, 0x0000000704e00000, 0x0000000705000000|  0%| F|  |TAMS 0x0000000704e00000, 0x0000000704e00000| Untracked 
|  34|0x0000000705000000, 0x0000000705000000, 0x0000000705200000|  0%| F|  |TAMS 0x0000000705000000, 0x0000000705000000| Untracked 
|  35|0x0000000705200000, 0x0000000705200000, 0x0000000705400000|  0%| F|  |TAMS 0x0000000705200000, 0x0000000705200000| Untracked 
|  36|0x0000000705400000, 0x0000000705400000, 0x0000000705600000|  0%| F|  |TAMS 0x0000000705400000, 0x0000000705400000| Untracked 
|  37|0x0000000705600000, 0x0000000705600000, 0x0000000705800000|  0%| F|  |TAMS 0x0000000705600000, 0x0000000705600000| Untracked 
|  38|0x0000000705800000, 0x0000000705800000, 0x0000000705a00000|  0%| F|  |TAMS 0x0000000705800000, 0x0000000705800000| Untracked 
|  39|0x0000000705a00000, 0x0000000705a00000, 0x0000000705c00000|  0%| F|  |TAMS 0x0000000705a00000, 0x0000000705a00000| Untracked 
|  40|0x0000000705c00000, 0x0000000705c00000, 0x0000000705e00000|  0%| F|  |TAMS 0x0000000705c00000, 0x0000000705c00000| Untracked 
|  41|0x0000000705e00000, 0x0000000705e00000, 0x0000000706000000|  0%| F|  |TAMS 0x0000000705e00000, 0x0000000705e00000| Untracked 
|  42|0x0000000706000000, 0x0000000706000000, 0x0000000706200000|  0%| F|  |TAMS 0x0000000706000000, 0x0000000706000000| Untracked 
|  43|0x0000000706200000, 0x0000000706200000, 0x0000000706400000|  0%| F|  |TAMS 0x0000000706200000, 0x0000000706200000| Untracked 
|  44|0x0000000706400000, 0x0000000706400000, 0x0000000706600000|  0%| F|  |TAMS 0x0000000706400000, 0x0000000706400000| Untracked 
|  45|0x0000000706600000, 0x0000000706600000, 0x0000000706800000|  0%| F|  |TAMS 0x0000000706600000, 0x0000000706600000| Untracked 
|  46|0x0000000706800000, 0x0000000706800000, 0x0000000706a00000|  0%| F|  |TAMS 0x0000000706800000, 0x0000000706800000| Untracked 
|  47|0x0000000706a00000, 0x0000000706a00000, 0x0000000706c00000|  0%| F|  |TAMS 0x0000000706a00000, 0x0000000706a00000| Untracked 
|  48|0x0000000706c00000, 0x0000000706c00000, 0x0000000706e00000|  0%| F|  |TAMS 0x0000000706c00000, 0x0000000706c00000| Untracked 
|  49|0x0000000706e00000, 0x0000000706e00000, 0x0000000707000000|  0%| F|  |TAMS 0x0000000706e00000, 0x0000000706e00000| Untracked 
|  50|0x0000000707000000, 0x0000000707000000, 0x0000000707200000|  0%| F|  |TAMS 0x0000000707000000, 0x0000000707000000| Untracked 
|  51|0x0000000707200000, 0x0000000707200000, 0x0000000707400000|  0%| F|  |TAMS 0x0000000707200000, 0x0000000707200000| Untracked 
|  52|0x0000000707400000, 0x0000000707400000, 0x0000000707600000|  0%| F|  |TAMS 0x0000000707400000, 0x0000000707400000| Untracked 
|  53|0x0000000707600000, 0x0000000707600000, 0x0000000707800000|  0%| F|  |TAMS 0x0000000707600000, 0x0000000707600000| Untracked 
|  54|0x0000000707800000, 0x0000000707800000, 0x0000000707a00000|  0%| F|  |TAMS 0x0000000707800000, 0x0000000707800000| Untracked 
|  55|0x0000000707a00000, 0x0000000707a00000, 0x0000000707c00000|  0%| F|  |TAMS 0x0000000707a00000, 0x0000000707a00000| Untracked 
|  56|0x0000000707c00000, 0x0000000707c00000, 0x0000000707e00000|  0%| F|  |TAMS 0x0000000707c00000, 0x0000000707c00000| Untracked 
|  57|0x0000000707e00000, 0x0000000707e00000, 0x0000000708000000|  0%| F|  |TAMS 0x0000000707e00000, 0x0000000707e00000| Untracked 
|  58|0x0000000708000000, 0x0000000708000000, 0x0000000708200000|  0%| F|  |TAMS 0x0000000708000000, 0x0000000708000000| Untracked 
|  59|0x0000000708200000, 0x0000000708200000, 0x0000000708400000|  0%| F|  |TAMS 0x0000000708200000, 0x0000000708200000| Untracked 
|  60|0x0000000708400000, 0x0000000708400000, 0x0000000708600000|  0%| F|  |TAMS 0x0000000708400000, 0x0000000708400000| Untracked 
|  61|0x0000000708600000, 0x0000000708600000, 0x0000000708800000|  0%| F|  |TAMS 0x0000000708600000, 0x0000000708600000| Untracked 
|  62|0x0000000708800000, 0x0000000708800000, 0x0000000708a00000|  0%| F|  |TAMS 0x0000000708800000, 0x0000000708800000| Untracked 
|  63|0x0000000708a00000, 0x0000000708a00000, 0x0000000708c00000|  0%| F|  |TAMS 0x0000000708a00000, 0x0000000708a00000| Untracked 
|  64|0x0000000708c00000, 0x0000000708c00000, 0x0000000708e00000|  0%| F|  |TAMS 0x0000000708c00000, 0x0000000708c00000| Untracked 
|  65|0x0000000708e00000, 0x0000000708e00000, 0x0000000709000000|  0%| F|  |TAMS 0x0000000708e00000, 0x0000000708e00000| Untracked 
|  66|0x0000000709000000, 0x0000000709000000, 0x0000000709200000|  0%| F|  |TAMS 0x0000000709000000, 0x0000000709000000| Untracked 
|  67|0x0000000709200000, 0x0000000709200000, 0x0000000709400000|  0%| F|  |TAMS 0x0000000709200000, 0x0000000709200000| Untracked 
|  68|0x0000000709400000, 0x0000000709400000, 0x0000000709600000|  0%| F|  |TAMS 0x0000000709400000, 0x0000000709400000| Untracked 
|  69|0x0000000709600000, 0x0000000709600000, 0x0000000709800000|  0%| F|  |TAMS 0x0000000709600000, 0x0000000709600000| Untracked 
|  70|0x0000000709800000, 0x0000000709800000, 0x0000000709a00000|  0%| F|  |TAMS 0x0000000709800000, 0x0000000709800000| Untracked 
|  71|0x0000000709a00000, 0x0000000709a00000, 0x0000000709c00000|  0%| F|  |TAMS 0x0000000709a00000, 0x0000000709a00000| Untracked 
|  72|0x0000000709c00000, 0x0000000709c00000, 0x0000000709e00000|  0%| F|  |TAMS 0x0000000709c00000, 0x0000000709c00000| Untracked 
|  73|0x0000000709e00000, 0x0000000709e00000, 0x000000070a000000|  0%| F|  |TAMS 0x0000000709e00000, 0x0000000709e00000| Untracked 
|  74|0x000000070a000000, 0x000000070a000000, 0x000000070a200000|  0%| F|  |TAMS 0x000000070a000000, 0x000000070a000000| Untracked 
|  75|0x000000070a200000, 0x000000070a200000, 0x000000070a400000|  0%| F|  |TAMS 0x000000070a200000, 0x000000070a200000| Untracked 
|  76|0x000000070a400000, 0x000000070a400000, 0x000000070a600000|  0%| F|  |TAMS 0x000000070a400000, 0x000000070a400000| Untracked 
|  77|0x000000070a600000, 0x000000070a600000, 0x000000070a800000|  0%| F|  |TAMS 0x000000070a600000, 0x000000070a600000| Untracked 
|  78|0x000000070a800000, 0x000000070a800000, 0x000000070aa00000|  0%| F|  |TAMS 0x000000070a800000, 0x000000070a800000| Untracked 
|  79|0x000000070aa00000, 0x000000070aa00000, 0x000000070ac00000|  0%| F|  |TAMS 0x000000070aa00000, 0x000000070aa00000| Untracked 
|  80|0x000000070ac00000, 0x000000070ac00000, 0x000000070ae00000|  0%| F|  |TAMS 0x000000070ac00000, 0x000000070ac00000| Untracked 
|  81|0x000000070ae00000, 0x000000070ae00000, 0x000000070b000000|  0%| F|  |TAMS 0x000000070ae00000, 0x000000070ae00000| Untracked 
|  82|0x000000070b000000, 0x000000070b000000, 0x000000070b200000|  0%| F|  |TAMS 0x000000070b000000, 0x000000070b000000| Untracked 
|  83|0x000000070b200000, 0x000000070b200000, 0x000000070b400000|  0%| F|  |TAMS 0x000000070b200000, 0x000000070b200000| Untracked 
|  84|0x000000070b400000, 0x000000070b400000, 0x000000070b600000|  0%| F|  |TAMS 0x000000070b400000, 0x000000070b400000| Untracked 
|  85|0x000000070b600000, 0x000000070b600000, 0x000000070b800000|  0%| F|  |TAMS 0x000000070b600000, 0x000000070b600000| Untracked 
|  86|0x000000070b800000, 0x000000070b800000, 0x000000070ba00000|  0%| F|  |TAMS 0x000000070b800000, 0x000000070b800000| Untracked 
|  87|0x000000070ba00000, 0x000000070ba00000, 0x000000070bc00000|  0%| F|  |TAMS 0x000000070ba00000, 0x000000070ba00000| Untracked 
|  88|0x000000070bc00000, 0x000000070bc00000, 0x000000070be00000|  0%| F|  |TAMS 0x000000070bc00000, 0x000000070bc00000| Untracked 
|  89|0x000000070be00000, 0x000000070be00000, 0x000000070c000000|  0%| F|  |TAMS 0x000000070be00000, 0x000000070be00000| Untracked 
|  90|0x000000070c000000, 0x000000070c000000, 0x000000070c200000|  0%| F|  |TAMS 0x000000070c000000, 0x000000070c000000| Untracked 
|  91|0x000000070c200000, 0x000000070c200000, 0x000000070c400000|  0%| F|  |TAMS 0x000000070c200000, 0x000000070c200000| Untracked 
|  92|0x000000070c400000, 0x000000070c400000, 0x000000070c600000|  0%| F|  |TAMS 0x000000070c400000, 0x000000070c400000| Untracked 
|  93|0x000000070c600000, 0x000000070c600000, 0x000000070c800000|  0%| F|  |TAMS 0x000000070c600000, 0x000000070c600000| Untracked 
|  94|0x000000070c800000, 0x000000070c800000, 0x000000070ca00000|  0%| F|  |TAMS 0x000000070c800000, 0x000000070c800000| Untracked 
|  95|0x000000070ca00000, 0x000000070ca00000, 0x000000070cc00000|  0%| F|  |TAMS 0x000000070ca00000, 0x000000070ca00000| Untracked 
|  96|0x000000070cc00000, 0x000000070cc00000, 0x000000070ce00000|  0%| F|  |TAMS 0x000000070cc00000, 0x000000070cc00000| Untracked 
|  97|0x000000070ce00000, 0x000000070ce00000, 0x000000070d000000|  0%| F|  |TAMS 0x000000070ce00000, 0x000000070ce00000| Untracked 
|  98|0x000000070d000000, 0x000000070d000000, 0x000000070d200000|  0%| F|  |TAMS 0x000000070d000000, 0x000000070d000000| Untracked 
|  99|0x000000070d200000, 0x000000070d200000, 0x000000070d400000|  0%| F|  |TAMS 0x000000070d200000, 0x000000070d200000| Untracked 
| 100|0x000000070d400000, 0x000000070d400000, 0x000000070d600000|  0%| F|  |TAMS 0x000000070d400000, 0x000000070d400000| Untracked 
| 101|0x000000070d600000, 0x000000070d600000, 0x000000070d800000|  0%| F|  |TAMS 0x000000070d600000, 0x000000070d600000| Untracked 
| 102|0x000000070d800000, 0x000000070d800000, 0x000000070da00000|  0%| F|  |TAMS 0x000000070d800000, 0x000000070d800000| Untracked 
| 103|0x000000070da00000, 0x000000070da00000, 0x000000070dc00000|  0%| F|  |TAMS 0x000000070da00000, 0x000000070da00000| Untracked 
| 104|0x000000070dc00000, 0x000000070dc00000, 0x000000070de00000|  0%| F|  |TAMS 0x000000070dc00000, 0x000000070dc00000| Untracked 
| 105|0x000000070de00000, 0x000000070de00000, 0x000000070e000000|  0%| F|  |TAMS 0x000000070de00000, 0x000000070de00000| Untracked 
| 106|0x000000070e000000, 0x000000070e000000, 0x000000070e200000|  0%| F|  |TAMS 0x000000070e000000, 0x000000070e000000| Untracked 
| 107|0x000000070e200000, 0x000000070e200000, 0x000000070e400000|  0%| F|  |TAMS 0x000000070e200000, 0x000000070e200000| Untracked 
| 108|0x000000070e400000, 0x000000070e400000, 0x000000070e600000|  0%| F|  |TAMS 0x000000070e400000, 0x000000070e400000| Untracked 
| 109|0x000000070e600000, 0x000000070e600000, 0x000000070e800000|  0%| F|  |TAMS 0x000000070e600000, 0x000000070e600000| Untracked 
| 110|0x000000070e800000, 0x000000070e800000, 0x000000070ea00000|  0%| F|  |TAMS 0x000000070e800000, 0x000000070e800000| Untracked 
| 111|0x000000070ea00000, 0x000000070ea00000, 0x000000070ec00000|  0%| F|  |TAMS 0x000000070ea00000, 0x000000070ea00000| Untracked 
| 112|0x000000070ec00000, 0x000000070ec00000, 0x000000070ee00000|  0%| F|  |TAMS 0x000000070ec00000, 0x000000070ec00000| Untracked 
| 113|0x000000070ee00000, 0x000000070ee00000, 0x000000070f000000|  0%| F|  |TAMS 0x000000070ee00000, 0x000000070ee00000| Untracked 
| 114|0x000000070f000000, 0x000000070f000000, 0x000000070f200000|  0%| F|  |TAMS 0x000000070f000000, 0x000000070f000000| Untracked 
| 115|0x000000070f200000, 0x000000070f31f0f0, 0x000000070f400000| 56%| S|CS|TAMS 0x000000070f200000, 0x000000070f200000| Complete 
| 116|0x000000070f400000, 0x000000070f600000, 0x000000070f600000|100%| S|CS|TAMS 0x000000070f400000, 0x000000070f400000| Complete 
| 117|0x000000070f600000, 0x000000070f600000, 0x000000070f800000|  0%| F|  |TAMS 0x000000070f600000, 0x000000070f600000| Untracked 
| 118|0x000000070f800000, 0x000000070f800000, 0x000000070fa00000|  0%| F|  |TAMS 0x000000070f800000, 0x000000070f800000| Untracked 
| 119|0x000000070fa00000, 0x000000070fa00000, 0x000000070fc00000|  0%| F|  |TAMS 0x000000070fa00000, 0x000000070fa00000| Untracked 
| 120|0x000000070fc00000, 0x000000070fc00000, 0x000000070fe00000|  0%| F|  |TAMS 0x000000070fc00000, 0x000000070fc00000| Untracked 
| 121|0x000000070fe00000, 0x000000070fe00000, 0x0000000710000000|  0%| F|  |TAMS 0x000000070fe00000, 0x000000070fe00000| Untracked 
| 122|0x0000000710000000, 0x0000000710000000, 0x0000000710200000|  0%| F|  |TAMS 0x0000000710000000, 0x0000000710000000| Untracked 
| 123|0x0000000710200000, 0x0000000710361860, 0x0000000710400000| 69%| E|  |TAMS 0x0000000710200000, 0x0000000710200000| Complete 
| 124|0x0000000710400000, 0x0000000710600000, 0x0000000710600000|100%| E|CS|TAMS 0x0000000710400000, 0x0000000710400000| Complete 
| 125|0x0000000710600000, 0x0000000710800000, 0x0000000710800000|100%| E|CS|TAMS 0x0000000710600000, 0x0000000710600000| Complete 
| 126|0x0000000710800000, 0x0000000710a00000, 0x0000000710a00000|100%| E|CS|TAMS 0x0000000710800000, 0x0000000710800000| Complete 
| 127|0x0000000710a00000, 0x0000000710c00000, 0x0000000710c00000|100%| E|  |TAMS 0x0000000710a00000, 0x0000000710a00000| Complete 

Card table byte_map: [0x0000023095350000,0x0000023095b50000] _byte_map_base: 0x0000023091b4a000

Marking Bits (Prev, Next): (CMBitMap*) 0x00000230886ecfe0, (CMBitMap*) 0x00000230886ed020
 Prev Bits: [0x0000023096350000, 0x000002309a320000)
 Next Bits: [0x000002309a320000, 0x000002309e2f0000)

Polling page: 0x0000023088770000

Metaspace:

Usage:
  Non-class:     11.23 MB used.
      Class:      1.68 MB used.
       Both:     12.91 MB used.

Virtual space:
  Non-class space:       16.00 MB reserved,      11.31 MB ( 71%) committed,  2 nodes.
      Class space:        1.00 GB reserved,       1.75 MB ( <1%) committed,  1 nodes.
             Both:        1.02 GB reserved,      13.06 MB (  1%) committed. 

Chunk freelists:
   Non-Class:  624.00 KB
       Class:  2.25 MB
        Both:  2.86 MB

MaxMetaspaceSize: unlimited
CompressedClassSpaceSize: 1.00 GB
Initial GC threshold: 21.00 MB
Current GC threshold: 21.00 MB
CDS: on
MetaspaceReclaimPolicy: balanced
 - commit_granule_bytes: 65536.
 - commit_granule_words: 8192.
 - virtual_space_node_default_size: 1048576.
 - enlarge_chunks_in_place: 1.
 - new_chunks_are_fully_committed: 0.
 - uncommit_free_chunks: 1.
 - use_allocation_guard: 0.
 - handle_deallocations: 1.


Internal statistics:

num_allocs_failed_limit: 0.
num_arena_births: 194.
num_arena_deaths: 0.
num_vsnodes_births: 3.
num_vsnodes_deaths: 0.
num_space_committed: 209.
num_space_uncommitted: 0.
num_chunks_returned_to_freelist: 0.
num_chunks_taken_from_freelist: 537.
num_chunk_merges: 0.
num_chunk_splits: 370.
num_chunks_enlarged: 281.
num_purges: 0.
num_inconsistent_stats: 0.

CodeCache: size=49152Kb used=5180Kb max_used=5180Kb free=43971Kb
 bounds [0x00000230916b0000, 0x0000023091bc0000, 0x00000230946b0000]
 total_blobs=2427 nmethods=1965 adapters=387
 compilation: enabled
              stopped_count=0, restarted_count=0
 full_count=0

Compilation events (20 events):
Event: 1.142 Thread 0x00000230a090f760 1956       1       java.util.Collections$SingletonList::size (2 bytes)
Event: 1.142 Thread 0x00000230a090f760 nmethod 1956 0x0000023091bbcc10 code [0x0000023091bbcda0, 0x0000023091bbce78]
Event: 1.142 Thread 0x00000230a090f070 1957       1       java.nio.ByteOrder::nativeOrder (4 bytes)
Event: 1.142 Thread 0x00000230a090f070 nmethod 1957 0x0000023091bbcf10 code [0x0000023091bbd0a0, 0x0000023091bbd158]
Event: 1.144 Thread 0x00000230a094e0b0 1958       1       java.lang.System$2::getConstantPool (5 bytes)
Event: 1.144 Thread 0x00000230a094e0b0 nmethod 1958 0x0000023091bbd210 code [0x0000023091bbd3a0, 0x0000023091bbd488]
Event: 1.144 Thread 0x00000230a090f760 1959       1       java.util.ArrayList::contains (14 bytes)
Event: 1.144 Thread 0x00000230a094e0b0 1960       1       java.util.ArrayList::indexOf (11 bytes)
Event: 1.144 Thread 0x00000230a090f070 1961       1       java.util.ArrayList::indexOfRange (71 bytes)
Event: 1.145 Thread 0x00000230a090f760 nmethod 1959 0x0000023091bbd510 code [0x0000023091bbd6a0, 0x0000023091bbd7a8]
Event: 1.145 Thread 0x00000230a094e0b0 nmethod 1960 0x0000023091bbd890 code [0x0000023091bbda20, 0x0000023091bbdb08]
Event: 1.145 Thread 0x00000230a090f070 nmethod 1961 0x0000023091bbdb90 code [0x0000023091bbdd40, 0x0000023091bbdf88]
Event: 1.146 Thread 0x00000230a090f070 1962       1       sun.reflect.annotation.AnnotationParser::toArray (18 bytes)
Event: 1.146 Thread 0x00000230a090f070 nmethod 1962 0x0000023091bbe110 code [0x0000023091bbe2c0, 0x0000023091bbe418]
Event: 1.146 Thread 0x00000230a094e0b0 1963       1       java.lang.reflect.Method::hashCode (19 bytes)
Event: 1.147 Thread 0x00000230a094e0b0 nmethod 1963 0x0000023091bbe810 code [0x0000023091bbe9c0, 0x0000023091bbeb28]
Event: 1.147 Thread 0x00000230a094e0b0 1964       1       java.util.Collections$EmptyMap::values (4 bytes)
Event: 1.147 Thread 0x00000230a090f070 1965       1       java.util.Collections$EmptySet::toArray (11 bytes)
Event: 1.147 Thread 0x00000230a094e0b0 nmethod 1964 0x0000023091bbec90 code [0x0000023091bbee20, 0x0000023091bbeef8]
Event: 1.147 Thread 0x00000230a090f070 nmethod 1965 0x0000023091bbef90 code [0x0000023091bbf120, 0x0000023091bbf258]

GC Heap History (6 events):
Event: 0.526 GC heap before
{Heap before GC invocations=0 (full 0):
 garbage-first heap   total 262144K, used 10240K [0x0000000700c00000, 0x0000000800000000)
  region size 2048K, 6 young (12288K), 0 survivors (0K)
 Metaspace       used 4564K, committed 4800K, reserved 1056768K
  class space    used 546K, committed 640K, reserved 1048576K
}
Event: 0.529 GC heap after
{Heap after GC invocations=1 (full 0):
 garbage-first heap   total 262144K, used 5391K [0x0000000700c00000, 0x0000000800000000)
  region size 2048K, 1 young (2048K), 1 survivors (2048K)
 Metaspace       used 4564K, committed 4800K, reserved 1056768K
  class space    used 546K, committed 640K, reserved 1048576K
}
Event: 0.749 GC heap before
{Heap before GC invocations=1 (full 0):
 garbage-first heap   total 262144K, used 15631K [0x0000000700c00000, 0x0000000800000000)
  region size 2048K, 6 young (12288K), 1 survivors (2048K)
 Metaspace       used 6850K, committed 7040K, reserved 1056768K
  class space    used 855K, committed 960K, reserved 1048576K
}
Event: 0.752 GC heap after
{Heap after GC invocations=2 (full 0):
 garbage-first heap   total 262144K, used 6938K [0x0000000700c00000, 0x0000000800000000)
  region size 2048K, 1 young (2048K), 1 survivors (2048K)
 Metaspace       used 6850K, committed 7040K, reserved 1056768K
  class space    used 855K, committed 960K, reserved 1048576K
}
Event: 1.084 GC heap before
{Heap before GC invocations=2 (full 0):
 garbage-first heap   total 262144K, used 25370K [0x0000000700c00000, 0x0000000800000000)
  region size 2048K, 11 young (22528K), 1 survivors (2048K)
 Metaspace       used 11336K, committed 11584K, reserved 1064960K
  class space    used 1522K, committed 1664K, reserved 1048576K
}
Event: 1.086 GC heap after
{Heap after GC invocations=3 (full 0):
 garbage-first heap   total 262144K, used 8657K [0x0000000700c00000, 0x0000000800000000)
  region size 2048K, 2 young (4096K), 2 survivors (4096K)
 Metaspace       used 11336K, committed 11584K, reserved 1064960K
  class space    used 1522K, committed 1664K, reserved 1048576K
}

Deoptimization events (4 events):
Event: 0.675 Thread 0x000002308869e200 DEOPT PACKING pc=0x0000023091993781 sp=0x000000c4983fdbb0
Event: 0.675 Thread 0x000002308869e200 DEOPT UNPACKING pc=0x0000023091702b43 sp=0x000000c4983fd008 mode 3
Event: 1.138 Thread 0x000002308869e200 DEOPT PACKING pc=0x0000023091bb26f9 sp=0x000000c4983fd660
Event: 1.138 Thread 0x000002308869e200 DEOPT UNPACKING pc=0x0000023091702b43 sp=0x000000c4983fcb40 mode 3

Classes unloaded (0 events):
No events

Classes redefined (0 events):
No events

Internal exceptions (20 events):
Event: 0.888 Thread 0x000002308869e200 Exception <a 'java/lang/NoSuchMethodError'{0x000000071044e6f0}: 'java.lang.Object java.lang.invoke.DirectMethodHandle$Holder.invokeSpecial(java.lang.Object, java.lang.Object, java.lang.Object, java.lang.Object, java.lang.Object, java.lang.Object, int)'> (0x000000071044e6f0) 
thrown [t:\workspace\open\src\hotspot\share\interpreter\linkResolver.cpp, line 766]
Event: 0.889 Thread 0x000002308869e200 Exception <a 'java/lang/NoSuchMethodError'{0x0000000710458c50}: 'java.lang.Object java.lang.invoke.DirectMethodHandle$Holder.newInvokeSpecial(java.lang.Object, java.lang.Object, java.lang.Object, java.lang.Object, java.lang.Object, java.lang.Object, int)'> (0x0000000710458c50) 
thrown [t:\workspace\open\src\hotspot\share\interpreter\linkResolver.cpp, line 766]
Event: 0.889 Thread 0x000002308869e200 Exception <a 'java/lang/NoSuchMethodError'{0x000000071045dc90}: 'java.lang.Object java.lang.invoke.DirectMethodHandle$Holder.invokeSpecial(java.lang.Object, java.lang.Object, java.lang.Object, java.lang.Object, java.lang.Object, java.lang.Object, java.lang.Object, int)'> (0x000000071045dc90) 
thrown [t:\workspace\open\src\hotspot\share\interpreter\linkResolver.cpp, line 766]
Event: 0.940 Thread 0x000002308869e200 Exception <a 'java/lang/NoSuchMethodError'{0x0000000710255f50}: 'java.lang.Object java.lang.invoke.DirectMethodHandle$Holder.invokeSpecial(java.lang.Object, java.lang.Object, java.lang.Object, int, java.lang.Object)'> (0x0000000710255f50) 
thrown [t:\workspace\open\src\hotspot\share\interpreter\linkResolver.cpp, line 766]
Event: 0.941 Thread 0x000002308869e200 Exception <a 'java/lang/NoSuchMethodError'{0x000000071025e5b8}: 'java.lang.Object java.lang.invoke.DirectMethodHandle$Holder.newInvokeSpecial(java.lang.Object, java.lang.Object, java.lang.Object, int, java.lang.Object)'> (0x000000071025e5b8) 
thrown [t:\workspace\open\src\hotspot\share\interpreter\linkResolver.cpp, line 766]
Event: 0.941 Thread 0x000002308869e200 Exception <a 'java/lang/NoSuchMethodError'{0x0000000710266008}: 'java.lang.Object java.lang.invoke.Invokers$Holder.linkToTargetMethod(java.lang.Object, java.lang.Object, int, java.lang.Object, java.lang.Object)'> (0x0000000710266008) 
thrown [t:\workspace\open\src\hotspot\share\interpreter\linkResolver.cpp, line 766]
Event: 0.943 Thread 0x000002308869e200 Exception <a 'java/lang/NoSuchMethodError'{0x0000000710275058}: 'java.lang.Object java.lang.invoke.DirectMethodHandle$Holder.newInvokeSpecial(java.lang.Object, int, java.lang.Object)'> (0x0000000710275058) 
thrown [t:\workspace\open\src\hotspot\share\interpreter\linkResolver.cpp, line 766]
Event: 0.943 Thread 0x000002308869e200 Exception <a 'java/lang/NoSuchMethodError'{0x0000000710279a98}: 'int java.lang.invoke.DirectMethodHandle$Holder.invokeSpecialIFC(java.lang.Object, java.lang.Object, java.lang.Object, java.lang.Object)'> (0x0000000710279a98) 
thrown [t:\workspace\open\src\hotspot\share\interpreter\linkResolver.cpp, line 766]
Event: 0.959 Thread 0x000002308869e200 Exception <a 'java/lang/NoSuchMethodError'{0x0000000710352768}: 'java.lang.Object java.lang.invoke.DirectMethodHandle$Holder.invokeInterface(java.lang.Object, java.lang.Object)'> (0x0000000710352768) 
thrown [t:\workspace\open\src\hotspot\share\interpreter\linkResolver.cpp, line 766]
Event: 0.961 Thread 0x000002308869e200 Exception <a 'java/lang/NoSuchMethodError'{0x0000000710363c60}: 'void java.lang.invoke.DirectMethodHandle$Holder.invokeInterface(java.lang.Object, java.lang.Object, java.lang.Object)'> (0x0000000710363c60) 
thrown [t:\workspace\open\src\hotspot\share\interpreter\linkResolver.cpp, line 766]
Event: 0.988 Thread 0x000002308869e200 Exception <a 'java/lang/NoSuchMethodError'{0x000000070fe6e428}: 'void java.lang.invoke.DirectMethodHandle$Holder.invokeStatic(java.lang.Object, java.lang.Object, int)'> (0x000000070fe6e428) 
thrown [t:\workspace\open\src\hotspot\share\interpreter\linkResolver.cpp, line 766]
Event: 0.989 Thread 0x000002308869e200 Exception <a 'java/lang/NoSuchMethodError'{0x000000070fe76198}: 'void java.lang.invoke.DirectMethodHandle$Holder.invokeStaticInit(java.lang.Object, java.lang.Object)'> (0x000000070fe76198) 
thrown [t:\workspace\open\src\hotspot\share\interpreter\linkResolver.cpp, line 766]
Event: 0.991 Thread 0x000002308869e200 Exception <a 'java/lang/NoSuchMethodError'{0x000000070fe84238}: 'void java.lang.invoke.DirectMethodHandle$Holder.invokeStaticInit(java.lang.Object, java.lang.Object, java.lang.Object)'> (0x000000070fe84238) 
thrown [t:\workspace\open\src\hotspot\share\interpreter\linkResolver.cpp, line 766]
Event: 1.002 Thread 0x000002308869e200 Exception <a 'java/lang/NoSuchMethodError'{0x000000070fef36e0}: 'void java.lang.invoke.DirectMethodHandle$Holder.invokeVirtual(java.lang.Object, java.lang.Object, java.lang.Object, java.lang.Object)'> (0x000000070fef36e0) 
thrown [t:\workspace\open\src\hotspot\share\interpreter\linkResolver.cpp, line 766]
Event: 1.025 Thread 0x000002308869e200 Exception <a 'java/lang/NoSuchMethodError'{0x000000070fc1e3f0}: 'void java.lang.invoke.DirectMethodHandle$Holder.invokeSpecial(java.lang.Object, java.lang.Object, java.lang.Object)'> (0x000000070fc1e3f0) 
thrown [t:\workspace\open\src\hotspot\share\interpreter\linkResolver.cpp, line 766]
Event: 1.026 Thread 0x000002308869e200 Exception <a 'java/lang/NoSuchMethodError'{0x000000070fc249c8}: 'void java.lang.invoke.DirectMethodHandle$Holder.invokeSpecial(java.lang.Object, java.lang.Object, java.lang.Object, java.lang.Object, java.lang.Object)'> (0x000000070fc249c8) 
thrown [t:\workspace\open\src\hotspot\share\interpreter\linkResolver.cpp, line 766]
Event: 1.032 Thread 0x00000230a1e16300 Exception <a 'java/lang/NoClassDefFoundError'{0x000000070fc78c08}: javax/validation/Validation> (0x000000070fc78c08) 
thrown [t:\workspace\open\src\hotspot\share\classfile\systemDictionary.cpp, line 245]
Event: 1.053 Thread 0x00000230a1e16300 Exception <a 'java/lang/NoSuchMethodError'{0x000000070fbbf830}: 'java.lang.Object java.lang.invoke.DirectMethodHandle$Holder.invokeStaticInit(java.lang.Object, java.lang.Object, java.lang.Object)'> (0x000000070fbbf830) 
thrown [t:\workspace\open\src\hotspot\share\interpreter\linkResolver.cpp, line 766]
Event: 1.054 Thread 0x00000230a1e16300 Exception <a 'java/lang/NoSuchMethodError'{0x000000070fbc5720}: 'java.lang.Object java.lang.invoke.DirectMethodHandle$Holder.invokeStaticInit(java.lang.Object, java.lang.Object, java.lang.Object, java.lang.Object, java.lang.Object)'> (0x000000070fbc5720) 
thrown [t:\workspace\open\src\hotspot\share\interpreter\linkResolver.cpp, line 766]
Event: 1.107 Thread 0x000002308869e200 Exception <a 'java/lang/NoSuchMethodError'{0x0000000710ae5a70}: 'org.slf4j.impl.StaticMDCBinder org.slf4j.impl.StaticMDCBinder.getSingleton()'> (0x0000000710ae5a70) 
thrown [t:\workspace\open\src\hotspot\share\interpreter\linkResolver.cpp, line 766]

VM Operations (20 events):
Event: 0.269 Executing VM operation: HandshakeAllThreads
Event: 0.269 Executing VM operation: HandshakeAllThreads done
Event: 0.412 Executing VM operation: HandshakeAllThreads
Event: 0.412 Executing VM operation: HandshakeAllThreads done
Event: 0.526 Executing VM operation: G1CollectForAllocation
Event: 0.529 Executing VM operation: G1CollectForAllocation done
Event: 0.637 Executing VM operation: HandshakeAllThreads
Event: 0.637 Executing VM operation: HandshakeAllThreads done
Event: 0.749 Executing VM operation: G1CollectForAllocation
Event: 0.752 Executing VM operation: G1CollectForAllocation done
Event: 0.756 Executing VM operation: HandshakeAllThreads
Event: 0.756 Executing VM operation: HandshakeAllThreads done
Event: 0.926 Executing VM operation: HandshakeAllThreads
Event: 0.926 Executing VM operation: HandshakeAllThreads done
Event: 1.032 Executing VM operation: ICBufferFull
Event: 1.032 Executing VM operation: ICBufferFull done
Event: 1.037 Executing VM operation: HandshakeAllThreads
Event: 1.037 Executing VM operation: HandshakeAllThreads done
Event: 1.083 Executing VM operation: G1CollectForAllocation
Event: 1.086 Executing VM operation: G1CollectForAllocation done

Events (20 events):
Event: 1.112 loading class java/beans/Transient
Event: 1.112 loading class java/beans/Transient done
Event: 1.112 loading class java/beans/ConstructorProperties
Event: 1.112 loading class org/xml/sax/SAXParseException
Event: 1.112 loading class java/beans/ConstructorProperties done
Event: 1.112 loading class org/xml/sax/SAXParseException done
Event: 1.113 loading class jdk/internal/reflect/UnsafeQualifiedStaticIntegerFieldAccessorImpl
Event: 1.113 loading class jdk/internal/reflect/UnsafeQualifiedStaticIntegerFieldAccessorImpl done
Event: 1.115 loading class java/io/CharConversionException
Event: 1.116 loading class java/io/CharConversionException done
Event: 1.120 loading class sun/text/resources/cldr/FormatData_en
Event: 1.120 loading class sun/text/resources/cldr/FormatData_en done
Event: 1.120 loading class sun/text/resources/cldr/FormatData_en_US
Event: 1.120 loading class sun/text/resources/cldr/FormatData_en_US done
Event: 1.128 loading class java/io/CharArrayReader
Event: 1.128 loading class java/io/CharArrayReader done
Event: 1.131 loading class java/lang/annotation/Repeatable
Event: 1.131 loading class java/lang/annotation/Repeatable done
Event: 1.138 loading class java/util/concurrent/atomic/AtomicReference
Event: 1.138 loading class java/util/concurrent/atomic/AtomicReference done


Dynamic libraries:
0x00007ff7ad360000 - 0x00007ff7ad370000 	C:\Program Files\Java\jdk-17.0.1\bin\java.exe
0x00007ffb8fef0000 - 0x00007ffb900e4000 	C:\Windows\SYSTEM32\ntdll.dll
0x00007ffb8e950000 - 0x00007ffb8ea0d000 	C:\Windows\System32\KERNEL32.DLL
0x00007ffb8d950000 - 0x00007ffb8dc17000 	C:\Windows\System32\KERNELBASE.dll
0x00007ffb8d740000 - 0x00007ffb8d840000 	C:\Windows\System32\ucrtbase.dll
0x00007ffb88ec0000 - 0x00007ffb88eda000 	C:\Program Files\Java\jdk-17.0.1\bin\VCRUNTIME140.dll
0x00007ffb886c0000 - 0x00007ffb886d8000 	C:\Program Files\Java\jdk-17.0.1\bin\jli.dll
0x00007ffb8e590000 - 0x00007ffb8e63a000 	C:\Windows\System32\ADVAPI32.dll
0x00007ffb8e3f0000 - 0x00007ffb8e48e000 	C:\Windows\System32\msvcrt.dll
0x00007ffb8e4f0000 - 0x00007ffb8e58b000 	C:\Windows\System32\sechost.dll
0x00007ffb8fbe0000 - 0x00007ffb8fd03000 	C:\Windows\System32\RPCRT4.dll
0x00007ffb8eb00000 - 0x00007ffb8eca0000 	C:\Windows\System32\USER32.dll
0x00007ffb8d710000 - 0x00007ffb8d732000 	C:\Windows\System32\win32u.dll
0x00007ffb8fbb0000 - 0x00007ffb8fbda000 	C:\Windows\System32\GDI32.dll
0x00007ffb8c340000 - 0x00007ffb8c5da000 	C:\Windows\WinSxS\amd64_microsoft.windows.common-controls_6595b64144ccf1df_6.0.19041.1_none_b555e41d4684ddec\COMCTL32.dll
0x00007ffb8dcf0000 - 0x00007ffb8ddfa000 	C:\Windows\System32\gdi32full.dll
0x00007ffb8dc50000 - 0x00007ffb8dced000 	C:\Windows\System32\msvcp_win.dll
0x00007ffb86aa0000 - 0x00007ffb86aaa000 	C:\Windows\SYSTEM32\VERSION.dll
0x00007ffb8fad0000 - 0x00007ffb8fb00000 	C:\Windows\System32\IMM32.DLL
0x00007ffb89010000 - 0x00007ffb8901c000 	C:\Program Files\Java\jdk-17.0.1\bin\vcruntime140_1.dll
0x00007ffb84b30000 - 0x00007ffb84bbd000 	C:\Program Files\Java\jdk-17.0.1\bin\msvcp140.dll
0x00007ffb5eba0000 - 0x00007ffb5f75e000 	C:\Program Files\Java\jdk-17.0.1\bin\server\jvm.dll
0x00007ffb8ea80000 - 0x00007ffb8ea88000 	C:\Windows\System32\PSAPI.DLL
0x00007ffb88f50000 - 0x00007ffb88f59000 	C:\Windows\SYSTEM32\WSOCK32.dll
0x00007ffb8fe40000 - 0x00007ffb8feab000 	C:\Windows\System32\WS2_32.dll
0x00007ffb8bb80000 - 0x00007ffb8bba7000 	C:\Windows\SYSTEM32\WINMM.dll
0x00007ffb8b490000 - 0x00007ffb8b4a3000 	C:\Windows\SYSTEM32\kernel.appcore.dll
0x00007ffb88de0000 - 0x00007ffb88dea000 	C:\Program Files\Java\jdk-17.0.1\bin\jimage.dll
0x00007ffb85a20000 - 0x00007ffb85c04000 	C:\Windows\SYSTEM32\DBGHELP.DLL
0x00007ffb834a0000 - 0x00007ffb834cc000 	C:\Windows\SYSTEM32\dbgcore.DLL
0x00007ffb8d690000 - 0x00007ffb8d70f000 	C:\Windows\System32\bcryptPrimitives.dll
0x00007ffb886b0000 - 0x00007ffb886be000 	C:\Program Files\Java\jdk-17.0.1\bin\instrument.dll
0x00007ffb88560000 - 0x00007ffb88585000 	C:\Program Files\Java\jdk-17.0.1\bin\java.dll
0x00007ffb711c0000 - 0x00007ffb71296000 	C:\Program Files\Java\jdk-17.0.1\bin\svml.dll
0x00007ffb8f1f0000 - 0x00007ffb8f924000 	C:\Windows\System32\SHELL32.dll
0x00007ffb8bbb0000 - 0x00007ffb8c33e000 	C:\Windows\SYSTEM32\windows.storage.dll
0x00007ffb8ee90000 - 0x00007ffb8f1e3000 	C:\Windows\System32\combase.dll
0x00007ffb8cf20000 - 0x00007ffb8cf4b000 	C:\Windows\SYSTEM32\Wldp.dll
0x00007ffb8ed80000 - 0x00007ffb8ee2e000 	C:\Windows\System32\SHCORE.dll
0x00007ffb8e490000 - 0x00007ffb8e4e5000 	C:\Windows\System32\shlwapi.dll
0x00007ffb8d580000 - 0x00007ffb8d59f000 	C:\Windows\SYSTEM32\profapi.dll
0x00007ffb87ed0000 - 0x00007ffb87ee8000 	C:\Program Files\Java\jdk-17.0.1\bin\zip.dll
0x00007ffb88510000 - 0x00007ffb88529000 	C:\Program Files\Java\jdk-17.0.1\bin\net.dll
0x00007ffb881b0000 - 0x00007ffb882b0000 	C:\Windows\SYSTEM32\WINHTTP.dll
0x00007ffb8cd10000 - 0x00007ffb8cd7a000 	C:\Windows\system32\mswsock.dll
0x00007ffb88140000 - 0x00007ffb88155000 	C:\Program Files\Java\jdk-17.0.1\bin\nio.dll
0x00007ffb84b10000 - 0x00007ffb84b2a000 	C:\Program Files\JetBrains\IntelliJ IDEA 2022.3.1\bin\breakgen64.dll
0x00007ffb8ca60000 - 0x00007ffb8cb2a000 	C:\Windows\SYSTEM32\DNSAPI.dll
0x00007ffb8ca20000 - 0x00007ffb8ca5b000 	C:\Windows\SYSTEM32\IPHLPAPI.DLL
0x00007ffb8ea70000 - 0x00007ffb8ea79000 	C:\Windows\System32\NSI.dll
0x0000000072090000 - 0x00000000720c5000 	C:\Program Files\Bonjour\mdnsNSP.dll
0x00007ffb86a50000 - 0x00007ffb86a5a000 	C:\Windows\System32\rasadhlp.dll
0x00007ffb87370000 - 0x00007ffb873ef000 	C:\Windows\System32\fwpuclnt.dll
0x00007ffb8dc20000 - 0x00007ffb8dc47000 	C:\Windows\System32\bcrypt.dll
0x00007ffb88500000 - 0x00007ffb88509000 	C:\Program Files\Java\jdk-17.0.1\bin\management.dll
0x00007ffb88110000 - 0x00007ffb8811b000 	C:\Program Files\Java\jdk-17.0.1\bin\management_ext.dll
0x00007ffb8d100000 - 0x00007ffb8d118000 	C:\Windows\SYSTEM32\CRYPTSP.dll
0x00000000729d0000 - 0x00000000729e9000 	C:\Program Files\Common Files\Crypto Pro\AppCompat\cpadvai.dll
0x00007ffb8c6c0000 - 0x00007ffb8c6f4000 	C:\Windows\system32\rsaenh.dll
0x00007ffb8d540000 - 0x00007ffb8d56e000 	C:\Windows\SYSTEM32\USERENV.dll
0x00007ffb8ce90000 - 0x00007ffb8ce9c000 	C:\Windows\SYSTEM32\CRYPTBASE.dll
0x00007ffb87990000 - 0x00007ffb879a7000 	C:\Windows\SYSTEM32\dhcpcsvc6.DLL
0x00007ffb87970000 - 0x00007ffb8798d000 	C:\Windows\SYSTEM32\dhcpcsvc.DLL
0x00007ffb75900000 - 0x00007ffb75917000 	C:\Windows\system32\napinsp.dll
0x00007ffb757f0000 - 0x00007ffb7580b000 	C:\Windows\system32\pnrpnsp.dll
0x00007ffb757d0000 - 0x00007ffb757e5000 	C:\Windows\system32\wshbth.dll
0x00007ffb88dc0000 - 0x00007ffb88ddd000 	C:\Windows\system32\NLAapi.dll
0x00007ffb757b0000 - 0x00007ffb757c2000 	C:\Windows\System32\winrnr.dll
0x00007ffb83030000 - 0x00007ffb83040000 	C:\Program Files\Java\jdk-17.0.1\bin\verify.dll

dbghelp: loaded successfully - version: 4.0.5 - missing functions: none
symbol engine: initialized successfully - sym options: 0x614 - pdb path: .;C:\Program Files\Java\jdk-17.0.1\bin;C:\Windows\SYSTEM32;C:\Windows\WinSxS\amd64_microsoft.windows.common-controls_6595b64144ccf1df_6.0.19041.1_none_b555e41d4684ddec;C:\Program Files\Java\jdk-17.0.1\bin\server;C:\Program Files\JetBrains\IntelliJ IDEA 2022.3.1\bin;C:\Program Files\Bonjour;C:\Program Files\Common Files\Crypto Pro\AppCompat

VM Arguments:
jvm_args: -XX:TieredStopAtLevel=1 -Dspring.output.ansi.enabled=always -Dcom.sun.management.jmxremote -Dspring.jmx.enabled=true -Dspring.liveBeansView.mbeanDomain -Dspring.application.admin.enabled=true -Dmanagement.endpoints.jmx.exposure.include=* -javaagent:C:\Program Files\JetBrains\IntelliJ IDEA 2022.3.1\lib\idea_rt.jar=52629:C:\Program Files\JetBrains\IntelliJ IDEA 2022.3.1\bin -Dfile.encoding=UTF-8 
java_command: ru.kata.spring.boot_security.demo.SpringBootSecurityDemoApplication
java_class_path (initial): D:\IdeWorkspase\PP_3_1_2_Boot_Security\target\classes;C:\Users\\.m2\repository\org\springframework\boot\spring-boot-starter-thymeleaf\2.6.2\spring-boot-starter-thymeleaf-2.6.2.jar;C:\Users\\.m2\repository\org\springframework\boot\spring-boot-starter\2.6.2\spring-boot-starter-2.6.2.jar;C:\Users\\.m2\repository\org\springframework\boot\spring-boot\2.6.2\spring-boot-2.6.2.jar;C:\Users\\.m2\repository\org\springframework\boot\spring-boot-autoconfigure\2.6.2\spring-boot-autoconfigure-2.6.2.jar;C:\Users\\.m2\repository\org\springframework\boot\spring-boot-starter-logging\2.6.2\spring-boot-starter-logging-2.6.2.jar;C:\Users\\.m2\repository\ch\qos\logback\logback-classic\1.2.9\logback-classic-1.2.9.jar;C:\Users\\.m2\repository\ch\qos\logback\logback-core\1.2.9\logback-core-1.2.9.jar;C:\Users\\.m2\repository\org\apache\logging\log4j\log4j-to-slf4j\2.17.0\log4j-to-slf4j-2.17.0.jar;C:\Users\\.m2\repository\org\apache\logging\log4j\log4j-api\2.17.0\log4j-api-2.17.0.jar;C:\Users\\.m2\repository\org\slf4j\jul-to-slf4j\1.7.32\jul-to-slf4j-1.7.32.jar;C:\Users\\.m2\repository\jakarta\annotation\jakarta.annotation-api\1.3.5\jakarta.annotation-api-1.3.5.jar;C:\Users\\.m2\repository\org\yaml\snakeyaml\1.29\snakeyaml-1.29.jar;C:\Users\\.m2\repository\org\thymeleaf\thymeleaf-spring5\3.0.14.RELEASE\thymeleaf-spring5-3.0.14.RELEASE.jar;C:\Users\\.m2\repository\org\thymeleaf\thymeleaf\3.0.14.RELEASE\thymeleaf-3.0.14.RELEASE.jar;C:\Users\\.m2\repository\org\attoparser\attoparser\2.0.5.RELEASE\attoparser-2.0.5.RELEASE.jar;C:\Users\\.m2\repository\org\unbescape\unbescape\1.1.6.RELEASE\unbescape-1.1.6.RELEASE.jar;C:\Users\\.m2\repository\org\slf4j\slf4j-api\1.7.32\slf4j-api-1.7.32.jar;C:\Users\\.m2\repository\org\thymeleaf\extras\thymeleaf-extras-java8time\3.0.4.RELEASE\thymeleaf-extras-java8time-3.0.4.RELEASE.jar;C:\Users\\.m2\repository\org\springframework\boot\spring-bo
Launcher Type: SUN_STANDARD

[Global flags]
     intx CICompilerCount                          = 3                                         {product} {ergonomic}
     uint ConcGCThreads                            = 1                                         {product} {ergonomic}
     uint G1ConcRefinementThreads                  = 4                                         {product} {ergonomic}
   size_t G1HeapRegionSize                         = 2097152                                   {product} {ergonomic}
    uintx GCDrainStackTargetSize                   = 64                                        {product} {ergonomic}
   size_t InitialHeapSize                          = 268435456                                 {product} {ergonomic}
     bool ManagementServer                         = true                                      {product} {command line}
   size_t MarkStackSize                            = 4194304                                   {product} {ergonomic}
   size_t MaxHeapSize                              = 4282384384                                {product} {ergonomic}
   size_t MaxNewSize                               = 2569011200                                {product} {ergonomic}
   size_t MinHeapDeltaBytes                        = 2097152                                   {product} {ergonomic}
   size_t MinHeapSize                              = 8388608                                   {product} {ergonomic}
    uintx NonProfiledCodeHeapSize                  = 0                                      {pd product} {ergonomic}
     bool ProfileInterpreter                       = false                                  {pd product} {command line}
    uintx ProfiledCodeHeapSize                     = 0                                      {pd product} {ergonomic}
   size_t SoftMaxHeapSize                          = 4282384384                             {manageable} {ergonomic}
     intx TieredStopAtLevel                        = 1                                         {product} {command line}
     bool UseCompressedClassPointers               = true                           {product lp64_product} {ergonomic}
     bool UseCompressedOops                        = true                           {product lp64_product} {ergonomic}
     bool UseG1GC                                  = true                                      {product} {ergonomic}
     bool UseLargePagesIndividualAllocation        = false                                  {pd product} {ergonomic}

Logging:
Log output configuration:
 #0: stdout all=warning uptime,level,tags
 #1: stderr all=off uptime,level,tags

Environment Variables:
JAVA_HOME=C:\Program Files\Java\jdk-17.0.1
PATH=C:\Program Files\Common Files\Oracle\Java\javapath;C:\Program Files (x86)\Common Files\Oracle\Java\javapath;C:\Program Files (x86)\Common Files\Intel\Shared Libraries\redist\intel64\compiler;C:\Windows\system32;C:\Windows;C:\Windows\System32\Wbem;C:\Windows\System32\WindowsPowerShell\v1.0\;C:\Windows\System32\OpenSSH\;C:\Program Files (x86)\NVIDIA Corporation\PhysX\Common;C:\Program Files\NVIDIA Corporation\NVIDIA NvDLISR;C:\Program Files\Git\cmd;C:\Program Files\nodejs\;C:\Program Files (x86)\dotnet\;C:\Program Files\MySQL\MySQL Shell 8.0\bin\;C:\Users\\AppData\Local\Programs\Python\Python310\Scripts\;C:\Users\\AppData\Local\Programs\Python\Python310\;C:\Users\\AppData\Local\Microsoft\WindowsApps;C:\Users\\AppData\Local\Programs\Microsoft VS Code\bin;C:\Users\\AppData\Local\gitkraken\bin;C:\Users\\AppData\Roaming\npm;C:\Users\\AppData\Local\GitHubDesktop\bin;C:\Program Files\apache-maven-3.8.7\bin;
USERNAME=
OS=Windows_NT
PROCESSOR_IDENTIFIER=AMD64 Family 23 Model 24 Stepping 1, AuthenticAMD



---------------  S Y S T E M  ---------------

OS:
 Windows 10 , 64 bit Build 19041 (10.0.19041.292)
OS uptime: 7 days 13:42 hours
Hyper-V role detected

CPU: total 4 (initial active 4) (4 cores per cpu, 1 threads per core) family 23 model 24 stepping 1 microcode 0x0, cx8, cmov, fxsr, mmx, 3dnowpref, sse, sse2, sse3, ssse3, sse4a, sse4.1, sse4.2, popcnt, lzcnt, tsc, tscinvbit, avx, avx2, aes, clmul, bmi1, bmi2, adx, sha, fma, vzeroupper, clflush, clflushopt, hv

Memory: 4k page, system-wide physical 16331M (2257M free)
TotalPageFile size 28914M (AvailPageFile size 4M)
current process WorkingSet (physical memory assigned to process): 90M, peak: 90M
current process commit charge ("private bytes"): 357M, peak: 357M

vm_info: Java HotSpot(TM) 64-Bit Server VM (17.0.1+12-LTS-39) for windows-amd64 JRE (17.0.1+12-LTS-39), built on Sep 27 2021 18:41:35 by "mach5one" with MS VC++ 16.8 (VS2019)

END.
