#
# There is insufficient memory for the Java Runtime Environment to continue.
# Native memory allocation (mmap) failed to map 65536 bytes for Failed to commit metaspace.
# Possible reasons:
#   The system is out of physical RAM or swap space
#   The process is running with CompressedOops enabled, and the Java Heap may be blocking the growth of the native heap
# Possible solutions:
#   Reduce memory load on the system
#   Increase physical memory or swap space
#   Check if swap backing store is full
#   Decrease Java heap size (-Xmx/-Xms)
#   Decrease number of Java threads
#   Decrease Java thread stack sizes (-Xss)
#   Set larger code cache with -XX:ReservedCodeCacheSize=
#   JVM is running with Zero Based Compressed Oops mode in which the Java heap is
#     placed in the first 32GB address space. The Java Heap base address is the
#     maximum limit for the native heap growth. Please use -XX:HeapBaseMinAddress
#     to set the Java Heap base and to place the Java Heap above 32GB virtual address.
# This output file may be truncated or incomplete.
#
#  Out of Memory Error (virtualSpaceNode.cpp:110), pid=26564, tid=20128
#
# JRE version: Java(TM) SE Runtime Environment (17.0.1+12) (build 17.0.1+12-LTS-39)
# Java VM: Java HotSpot(TM) 64-Bit Server VM (17.0.1+12-LTS-39, mixed mode, emulated-client, sharing, tiered, compressed oops, compressed class ptrs, g1 gc, windows-amd64)
# No core dump will be written. Minidumps are not enabled by default on client versions of Windows
#

---------------  S U M M A R Y ------------

Command Line: -XX:TieredStopAtLevel=1 -Dspring.output.ansi.enabled=always -Dcom.sun.management.jmxremote -Dspring.jmx.enabled=true -Dspring.liveBeansView.mbeanDomain -Dspring.application.admin.enabled=true -Dmanagement.endpoints.jmx.exposure.include=* -javaagent:C:\Program Files\JetBrains\IntelliJ IDEA 2022.3.1\lib\idea_rt.jar=52750:C:\Program Files\JetBrains\IntelliJ IDEA 2022.3.1\bin -Dfile.encoding=UTF-8 ru.kata.spring.boot_security.demo.SpringBootSecurityDemoApplication

Host: AMD Ryzen 3 PRO 3200G with Radeon Vega Graphics, 4 cores, 15G,  Windows 10 , 64 bit Build 19041 (10.0.19041.292)
Time: Thu Mar  9 00:33:04 2023 RTZ 2 (s 10 , 64 bit Build 19041 (10.0.19041.292) elapsed time: 1.275362 seconds (0d 0h 0m 1s)

---------------  T H R E A D  ---------------

Current thread (0x000002d08a86dec0):  JavaThread "main" [_thread_in_vm, id=20128, stack(0x000000fb9f100000,0x000000fb9f200000)]

Stack: [0x000000fb9f100000,0x000000fb9f200000]
Native frames: (J=compiled Java code, j=interpreted, Vv=VM code, C=native code)
V  [jvm.dll+0x66fa1a]
V  [jvm.dll+0x7ce5a4]
V  [jvm.dll+0x7cfd4e]
V  [jvm.dll+0x7d03b3]
V  [jvm.dll+0x242b05]
V  [jvm.dll+0x7ca54b]
V  [jvm.dll+0x615b76]
V  [jvm.dll+0x1be19e]
V  [jvm.dll+0x6184b1]
V  [jvm.dll+0x616516]
V  [jvm.dll+0x2370cf]
V  [jvm.dll+0x620145]
V  [jvm.dll+0x1e7dcb]
V  [jvm.dll+0x1e8305]
V  [jvm.dll+0x1e8d3f]
V  [jvm.dll+0x1de1f1]
V  [jvm.dll+0x537690]
V  [jvm.dll+0x7496c8]
V  [jvm.dll+0x7497b4]
V  [jvm.dll+0x408995]
V  [jvm.dll+0x40e9e8]
C  [java.dll+0x17ec]

Java frames: (J=compiled Java code, j=interpreted, Vv=VM code)
J 1184  java.lang.ClassLoader.defineClass1(Ljava/lang/ClassLoader;Ljava/lang/String;[BIILjava/security/ProtectionDomain;Ljava/lang/String;)Ljava/lang/Class; java.base@17.0.1 (0 bytes) @ 0x000002d093c1b063 [0x000002d093c1afa0+0x00000000000000c3]
J 1215 c1 java.lang.ClassLoader.defineClass(Ljava/lang/String;[BIILjava/security/ProtectionDomain;)Ljava/lang/Class; java.base@17.0.1 (43 bytes) @ 0x000002d093c2a2ec [0x000002d093c2a1e0+0x000000000000010c]
J 1204 c1 jdk.internal.loader.BuiltinClassLoader.defineClass(Ljava/lang/String;Ljdk/internal/loader/Resource;)Ljava/lang/Class; java.base@17.0.1 (121 bytes) @ 0x000002d093c270f4 [0x000002d093c26c20+0x00000000000004d4]
J 1186 c1 jdk.internal.loader.BuiltinClassLoader.findClassOnClassPathOrNull(Ljava/lang/String;)Ljava/lang/Class; java.base@17.0.1 (64 bytes) @ 0x000002d093c1ca44 [0x000002d093c1c780+0x00000000000002c4]
J 946 c1 jdk.internal.loader.BuiltinClassLoader.loadClassOrNull(Ljava/lang/String;Z)Ljava/lang/Class; java.base@17.0.1 (143 bytes) @ 0x000002d093bb4484 [0x000002d093bb4000+0x0000000000000484]
J 1088 c1 jdk.internal.loader.ClassLoaders$AppClassLoader.loadClass(Ljava/lang/String;Z)Ljava/lang/Class; java.base@17.0.1 (40 bytes) @ 0x000002d093bf14ac [0x000002d093bf1360+0x000000000000014c]
J 1085 c1 java.lang.ClassLoader.loadClass(Ljava/lang/String;)Ljava/lang/Class; java.base@17.0.1 (7 bytes) @ 0x000002d093bf08e4 [0x000002d093bf08a0+0x0000000000000044]
v  ~StubRoutines::call_stub
j  ch.qos.logback.classic.PatternLayout.<clinit>()V+314
v  ~StubRoutines::call_stub
j  ch.qos.logback.classic.encoder.PatternLayoutEncoder.start()V+0
j  org.springframework.boot.logging.logback.LogbackConfigurator.start(Lch/qos/logback/core/spi/LifeCycle;)V+21
j  org.springframework.boot.logging.logback.DefaultLogbackConfiguration.consoleAppender(Lorg/springframework/boot/logging/logback/LogbackConfigurator;)Lch/qos/logback/core/Appender;+40
j  org.springframework.boot.logging.logback.DefaultLogbackConfiguration.apply(Lorg/springframework/boot/logging/logback/LogbackConfigurator;)V+14
j  org.springframework.boot.logging.logback.LogbackLoggingSystem.loadDefaults(Lorg/springframework/boot/logging/LoggingInitializationContext;Lorg/springframework/boot/logging/LogFile;)V+99
j  org.springframework.boot.logging.AbstractLoggingSystem.initializeWithConventions(Lorg/springframework/boot/logging/LoggingInitializationContext;Lorg/springframework/boot/logging/LogFile;)V+43
j  org.springframework.boot.logging.AbstractLoggingSystem.initialize(Lorg/springframework/boot/logging/LoggingInitializationContext;Ljava/lang/String;Lorg/springframework/boot/logging/LogFile;)V+18
j  org.springframework.boot.logging.logback.LogbackLoggingSystem.initialize(Lorg/springframework/boot/logging/LoggingInitializationContext;Ljava/lang/String;Lorg/springframework/boot/logging/LogFile;)V+20
j  org.springframework.boot.context.logging.LoggingApplicationListener.initializeSystem(Lorg/springframework/core/env/ConfigurableEnvironment;Lorg/springframework/boot/logging/LoggingSystem;Lorg/springframework/boot/logging/LogFile;)V+37
j  org.springframework.boot.context.logging.LoggingApplicationListener.initialize(Lorg/springframework/core/env/ConfigurableEnvironment;Ljava/lang/ClassLoader;)V+59
j  org.springframework.boot.context.logging.LoggingApplicationListener.onApplicationEnvironmentPreparedEvent(Lorg/springframework/boot/context/event/ApplicationEnvironmentPreparedEvent;)V+32
j  org.springframework.boot.context.logging.LoggingApplicationListener.onApplicationEvent(Lorg/springframework/context/ApplicationEvent;)V+30
j  org.springframework.context.event.SimpleApplicationEventMulticaster.doInvokeListener(Lorg/springframework/context/ApplicationListener;Lorg/springframework/context/ApplicationEvent;)V+2
j  org.springframework.context.event.SimpleApplicationEventMulticaster.invokeListener(Lorg/springframework/context/ApplicationListener;Lorg/springframework/context/ApplicationEvent;)V+34
j  org.springframework.context.event.SimpleApplicationEventMulticaster.multicastEvent(Lorg/springframework/context/ApplicationEvent;Lorg/springframework/core/ResolvableType;)V+83
j  org.springframework.context.event.SimpleApplicationEventMulticaster.multicastEvent(Lorg/springframework/context/ApplicationEvent;)V+7
j  org.springframework.boot.context.event.EventPublishingRunListener.environmentPrepared(Lorg/springframework/boot/ConfigurableBootstrapContext;Lorg/springframework/core/env/ConfigurableEnvironment;)V+21
j  org.springframework.boot.SpringApplicationRunListeners.lambda$environmentPrepared$2(Lorg/springframework/boot/ConfigurableBootstrapContext;Lorg/springframework/core/env/ConfigurableEnvironment;Lorg/springframework/boot/SpringApplicationRunListener;)V+3
j  org.springframework.boot.SpringApplicationRunListeners$$Lambda$142+0x0000000800d16b18.accept(Ljava/lang/Object;)V+12
j  java.util.ArrayList.forEach(Ljava/util/function/Consumer;)V+46 java.base@17.0.1
j  org.springframework.boot.SpringApplicationRunListeners.doWithListeners(Ljava/lang/String;Ljava/util/function/Consumer;Ljava/util/function/Consumer;)V+17
j  org.springframework.boot.SpringApplicationRunListeners.doWithListeners(Ljava/lang/String;Ljava/util/function/Consumer;)V+4
j  org.springframework.boot.SpringApplicationRunListeners.environmentPrepared(Lorg/springframework/boot/ConfigurableBootstrapContext;Lorg/springframework/core/env/ConfigurableEnvironment;)V+10
j  org.springframework.boot.SpringApplication.prepareEnvironment(Lorg/springframework/boot/SpringApplicationRunListeners;Lorg/springframework/boot/DefaultBootstrapContext;Lorg/springframework/boot/ApplicationArguments;)Lorg/springframework/core/env/ConfigurableEnvironment;+27
j  org.springframework.boot.SpringApplication.run([Ljava/lang/String;)Lorg/springframework/context/ConfigurableApplicationContext;+52
j  org.springframework.boot.SpringApplication.run([Ljava/lang/Class;[Ljava/lang/String;)Lorg/springframework/context/ConfigurableApplicationContext;+9
j  org.springframework.boot.SpringApplication.run(Ljava/lang/Class;[Ljava/lang/String;)Lorg/springframework/context/ConfigurableApplicationContext;+9
j  ru.kata.spring.boot_security.demo.SpringBootSecurityDemoApplication.main([Ljava/lang/String;)V+3
v  ~StubRoutines::call_stub

---------------  P R O C E S S  ---------------

Threads class SMR info:
_java_thread_list=0x000002d0a3de11e0, length=17, elements={
0x000002d08a86dec0, 0x000002d0a2a7ae30, 0x000002d0a2a7c4b0, 0x000002d0a2a93500,
0x000002d0a2a96280, 0x000002d0a2a97c40, 0x000002d0a2a985f0, 0x000002d0a2a98fa0,
0x000002d0a2aa5e70, 0x000002d0a2a64100, 0x000002d0a34b6da0, 0x000002d0a34b7950,
0x000002d0a37fdf00, 0x000002d0a37fe3d0, 0x000002d0a398eac0, 0x000002d0a3e19cf0,
0x000002d0a3e706f0
}

Java Threads: ( => current thread )
=>0x000002d08a86dec0 JavaThread "main" [_thread_in_vm, id=20128, stack(0x000000fb9f100000,0x000000fb9f200000)]
  0x000002d0a2a7ae30 JavaThread "Reference Handler" daemon [_thread_blocked, id=4500, stack(0x000000fb9f800000,0x000000fb9f900000)]
  0x000002d0a2a7c4b0 JavaThread "Finalizer" daemon [_thread_blocked, id=20336, stack(0x000000fb9f900000,0x000000fb9fa00000)]
  0x000002d0a2a93500 JavaThread "Signal Dispatcher" daemon [_thread_blocked, id=23180, stack(0x000000fb9fa00000,0x000000fb9fb00000)]
  0x000002d0a2a96280 JavaThread "Attach Listener" daemon [_thread_blocked, id=19624, stack(0x000000fb9fb00000,0x000000fb9fc00000)]
  0x000002d0a2a97c40 JavaThread "Service Thread" daemon [_thread_blocked, id=15688, stack(0x000000fb9fc00000,0x000000fb9fd00000)]
  0x000002d0a2a985f0 JavaThread "Monitor Deflation Thread" daemon [_thread_blocked, id=14912, stack(0x000000fb9fd00000,0x000000fb9fe00000)]
  0x000002d0a2a98fa0 JavaThread "C1 CompilerThread0" daemon [_thread_blocked, id=11952, stack(0x000000fb9fe00000,0x000000fb9ff00000)]
  0x000002d0a2aa5e70 JavaThread "Sweeper thread" daemon [_thread_blocked, id=18340, stack(0x000000fb9ff00000,0x000000fba0000000)]
  0x000002d0a2a64100 JavaThread "Common-Cleaner" daemon [_thread_blocked, id=2468, stack(0x000000fba0000000,0x000000fba0100000)]
  0x000002d0a34b6da0 JavaThread "C1 CompilerThread1" daemon [_thread_blocked, id=13172, stack(0x000000fba0100000,0x000000fba0200000)]
  0x000002d0a34b7950 JavaThread "C1 CompilerThread2" daemon [_thread_blocked, id=21440, stack(0x000000fba0200000,0x000000fba0300000)]
  0x000002d0a37fdf00 JavaThread "Monitor Ctrl-Break" daemon [_thread_in_native, id=15580, stack(0x000000fba0300000,0x000000fba0400000)]
  0x000002d0a37fe3d0 JavaThread "Notification Thread" daemon [_thread_blocked, id=9912, stack(0x000000fba0400000,0x000000fba0500000)]
  0x000002d0a398eac0 JavaThread "RMI TCP Accept-0" daemon [_thread_in_native, id=6876, stack(0x000000fba0500000,0x000000fba0600000)]
  0x000002d0a3e19cf0 JavaThread "RMI TCP Connection(1)-172.17.144.1" daemon [_thread_in_native, id=26500, stack(0x000000fba0b00000,0x000000fba0c00000)]
  0x000002d0a3e706f0 JavaThread "RMI Scheduler(0)" daemon [_thread_blocked, id=15836, stack(0x000000fba0c00000,0x000000fba0d00000)]

Other Threads:
  0x000002d0a2a72220 VMThread "VM Thread" [stack: 0x000000fb9f700000,0x000000fb9f800000] [id=5332]
  0x000002d08a8d70d0 WatcherThread [stack: 0x000000fba0600000,0x000000fba0700000] [id=25664]
  0x000002d08a8bc690 GCTaskThread "GC Thread#0" [stack: 0x000000fb9f200000,0x000000fb9f300000] [id=17056]
  0x000002d0a399d9c0 GCTaskThread "GC Thread#1" [stack: 0x000000fba0700000,0x000000fba0800000] [id=19108]
  0x000002d0a3a6ef40 GCTaskThread "GC Thread#2" [stack: 0x000000fba0800000,0x000000fba0900000] [id=19352]
  0x000002d0a3a70a50 GCTaskThread "GC Thread#3" [stack: 0x000000fba0900000,0x000000fba0a00000] [id=11824]
  0x000002d08a8cd510 ConcurrentGCThread "G1 Main Marker" [stack: 0x000000fb9f300000,0x000000fb9f400000] [id=24904]
  0x000002d08a8ce6c0 ConcurrentGCThread "G1 Conc#0" [stack: 0x000000fb9f400000,0x000000fb9f500000] [id=20344]
  0x000002d0a29320c0 ConcurrentGCThread "G1 Refine#0" [stack: 0x000000fb9f500000,0x000000fb9f600000] [id=3244]
  0x000002d0a3a977f0 ConcurrentGCThread "G1 Refine#1" [stack: 0x000000fba0a00000,0x000000fba0b00000] [id=25488]
  0x000002d0a2932ae0 ConcurrentGCThread "G1 Service" [stack: 0x000000fb9f600000,0x000000fb9f700000] [id=8624]

Threads with active compile tasks:

VM state: not at safepoint (normal execution)

VM Mutex/Monitor currently owned by a thread:  ([mutex/lock_event])
[0x000002d08a868a10] Metaspace_lock - owner thread: 0x000002d08a86dec0

Heap address: 0x0000000700c00000, size: 4084 MB, Compressed Oops mode: Zero based, Oop shift amount: 3

CDS archive(s) mapped at: [0x0000000800000000-0x0000000800bc0000-0x0000000800bc0000), size 12320768, SharedBaseAddress: 0x0000000800000000, ArchiveRelocationMode: 0.
Compressed class space mapped at: 0x0000000800c00000-0x0000000840c00000, reserved size: 1073741824
Narrow klass base: 0x0000000800000000, Narrow klass shift: 0, Narrow klass range: 0x100000000

GC Precious Log:
 CPUs: 4 total, 4 available
 Memory: 16331M
 Large Page Support: Disabled
 NUMA Support: Disabled
 Compressed Oops: Enabled (Zero based)
 Heap Region Size: 2M
 Heap Min Capacity: 8M
 Heap Initial Capacity: 256M
 Heap Max Capacity: 4084M
 Pre-touch: Disabled
 Parallel Workers: 4
 Concurrent Workers: 1
 Concurrent Refinement Workers: 4
 Periodic GC: Disabled

Heap:
 garbage-first heap   total 262144K, used 19354K [0x0000000700c00000, 0x0000000800000000)
  region size 2048K, 8 young (16384K), 1 survivors (2048K)
 Metaspace       used 10045K, committed 10304K, reserved 1064960K
  class space    used 1369K, committed 1536K, reserved 1048576K

Heap Regions: E=young(eden), S=young(survivor), O=old, HS=humongous(starts), HC=humongous(continues), CS=collection set, F=free, OA=open archive, CA=closed archive, TAMS=top-at-mark-start (previous, next)
|   0|0x0000000700c00000, 0x0000000700e00000, 0x0000000700e00000|100%| O|  |TAMS 0x0000000700c00000, 0x0000000700c00000| Untracked 
|   1|0x0000000700e00000, 0x0000000701000000, 0x0000000701000000|100%| O|  |TAMS 0x0000000700e00000, 0x0000000700e00000| Untracked 
|   2|0x0000000701000000, 0x000000070117e200, 0x0000000701200000| 74%| O|  |TAMS 0x0000000701000000, 0x0000000701000000| Untracked 
|   3|0x0000000701200000, 0x0000000701200000, 0x0000000701400000|  0%| F|  |TAMS 0x0000000701200000, 0x0000000701200000| Untracked 
|   4|0x0000000701400000, 0x0000000701400000, 0x0000000701600000|  0%| F|  |TAMS 0x0000000701400000, 0x0000000701400000| Untracked 
|   5|0x0000000701600000, 0x0000000701600000, 0x0000000701800000|  0%| F|  |TAMS 0x0000000701600000, 0x0000000701600000| Untracked 
|   6|0x0000000701800000, 0x0000000701800000, 0x0000000701a00000|  0%| F|  |TAMS 0x0000000701800000, 0x0000000701800000| Untracked 
|   7|0x0000000701a00000, 0x0000000701a00000, 0x0000000701c00000|  0%| F|  |TAMS 0x0000000701a00000, 0x0000000701a00000| Untracked 
|   8|0x0000000701c00000, 0x0000000701c00000, 0x0000000701e00000|  0%| F|  |TAMS 0x0000000701c00000, 0x0000000701c00000| Untracked 
|   9|0x0000000701e00000, 0x0000000701e00000, 0x0000000702000000|  0%| F|  |TAMS 0x0000000701e00000, 0x0000000701e00000| Untracked 
|  10|0x0000000702000000, 0x0000000702000000, 0x0000000702200000|  0%| F|  |TAMS 0x0000000702000000, 0x0000000702000000| Untracked 
|  11|0x0000000702200000, 0x0000000702200000, 0x0000000702400000|  0%| F|  |TAMS 0x0000000702200000, 0x0000000702200000| Untracked 
|  12|0x0000000702400000, 0x0000000702400000, 0x0000000702600000|  0%| F|  |TAMS 0x0000000702400000, 0x0000000702400000| Untracked 
|  13|0x0000000702600000, 0x0000000702600000, 0x0000000702800000|  0%| F|  |TAMS 0x0000000702600000, 0x0000000702600000| Untracked 
|  14|0x0000000702800000, 0x0000000702800000, 0x0000000702a00000|  0%| F|  |TAMS 0x0000000702800000, 0x0000000702800000| Untracked 
|  15|0x0000000702a00000, 0x0000000702a00000, 0x0000000702c00000|  0%| F|  |TAMS 0x0000000702a00000, 0x0000000702a00000| Untracked 
|  16|0x0000000702c00000, 0x0000000702c00000, 0x0000000702e00000|  0%| F|  |TAMS 0x0000000702c00000, 0x0000000702c00000| Untracked 
|  17|0x0000000702e00000, 0x0000000702e00000, 0x0000000703000000|  0%| F|  |TAMS 0x0000000702e00000, 0x0000000702e00000| Untracked 
|  18|0x0000000703000000, 0x0000000703000000, 0x0000000703200000|  0%| F|  |TAMS 0x0000000703000000, 0x0000000703000000| Untracked 
|  19|0x0000000703200000, 0x0000000703200000, 0x0000000703400000|  0%| F|  |TAMS 0x0000000703200000, 0x0000000703200000| Untracked 
|  20|0x0000000703400000, 0x0000000703400000, 0x0000000703600000|  0%| F|  |TAMS 0x0000000703400000, 0x0000000703400000| Untracked 
|  21|0x0000000703600000, 0x0000000703600000, 0x0000000703800000|  0%| F|  |TAMS 0x0000000703600000, 0x0000000703600000| Untracked 
|  22|0x0000000703800000, 0x0000000703800000, 0x0000000703a00000|  0%| F|  |TAMS 0x0000000703800000, 0x0000000703800000| Untracked 
|  23|0x0000000703a00000, 0x0000000703a00000, 0x0000000703c00000|  0%| F|  |TAMS 0x0000000703a00000, 0x0000000703a00000| Untracked 
|  24|0x0000000703c00000, 0x0000000703c00000, 0x0000000703e00000|  0%| F|  |TAMS 0x0000000703c00000, 0x0000000703c00000| Untracked 
|  25|0x0000000703e00000, 0x0000000703e00000, 0x0000000704000000|  0%| F|  |TAMS 0x0000000703e00000, 0x0000000703e00000| Untracked 
|  26|0x0000000704000000, 0x0000000704000000, 0x0000000704200000|  0%| F|  |TAMS 0x0000000704000000, 0x0000000704000000| Untracked 
|  27|0x0000000704200000, 0x0000000704200000, 0x0000000704400000|  0%| F|  |TAMS 0x0000000704200000, 0x0000000704200000| Untracked 
|  28|0x0000000704400000, 0x0000000704400000, 0x0000000704600000|  0%| F|  |TAMS 0x0000000704400000, 0x0000000704400000| Untracked 
|  29|0x0000000704600000, 0x0000000704600000, 0x0000000704800000|  0%| F|  |TAMS 0x0000000704600000, 0x0000000704600000| Untracked 
|  30|0x0000000704800000, 0x0000000704800000, 0x0000000704a00000|  0%| F|  |TAMS 0x0000000704800000, 0x0000000704800000| Untracked 
|  31|0x0000000704a00000, 0x0000000704a00000, 0x0000000704c00000|  0%| F|  |TAMS 0x0000000704a00000, 0x0000000704a00000| Untracked 
|  32|0x0000000704c00000, 0x0000000704c00000, 0x0000000704e00000|  0%| F|  |TAMS 0x0000000704c00000, 0x0000000704c00000| Untracked 
|  33|0x0000000704e00000, 0x0000000704e00000, 0x0000000705000000|  0%| F|  |TAMS 0x0000000704e00000, 0x0000000704e00000| Untracked 
|  34|0x0000000705000000, 0x0000000705000000, 0x0000000705200000|  0%| F|  |TAMS 0x0000000705000000, 0x0000000705000000| Untracked 
|  35|0x0000000705200000, 0x0000000705200000, 0x0000000705400000|  0%| F|  |TAMS 0x0000000705200000, 0x0000000705200000| Untracked 
|  36|0x0000000705400000, 0x0000000705400000, 0x0000000705600000|  0%| F|  |TAMS 0x0000000705400000, 0x0000000705400000| Untracked 
|  37|0x0000000705600000, 0x0000000705600000, 0x0000000705800000|  0%| F|  |TAMS 0x0000000705600000, 0x0000000705600000| Untracked 
|  38|0x0000000705800000, 0x0000000705800000, 0x0000000705a00000|  0%| F|  |TAMS 0x0000000705800000, 0x0000000705800000| Untracked 
|  39|0x0000000705a00000, 0x0000000705a00000, 0x0000000705c00000|  0%| F|  |TAMS 0x0000000705a00000, 0x0000000705a00000| Untracked 
|  40|0x0000000705c00000, 0x0000000705c00000, 0x0000000705e00000|  0%| F|  |TAMS 0x0000000705c00000, 0x0000000705c00000| Untracked 
|  41|0x0000000705e00000, 0x0000000705e00000, 0x0000000706000000|  0%| F|  |TAMS 0x0000000705e00000, 0x0000000705e00000| Untracked 
|  42|0x0000000706000000, 0x0000000706000000, 0x0000000706200000|  0%| F|  |TAMS 0x0000000706000000, 0x0000000706000000| Untracked 
|  43|0x0000000706200000, 0x0000000706200000, 0x0000000706400000|  0%| F|  |TAMS 0x0000000706200000, 0x0000000706200000| Untracked 
|  44|0x0000000706400000, 0x0000000706400000, 0x0000000706600000|  0%| F|  |TAMS 0x0000000706400000, 0x0000000706400000| Untracked 
|  45|0x0000000706600000, 0x0000000706600000, 0x0000000706800000|  0%| F|  |TAMS 0x0000000706600000, 0x0000000706600000| Untracked 
|  46|0x0000000706800000, 0x0000000706800000, 0x0000000706a00000|  0%| F|  |TAMS 0x0000000706800000, 0x0000000706800000| Untracked 
|  47|0x0000000706a00000, 0x0000000706a00000, 0x0000000706c00000|  0%| F|  |TAMS 0x0000000706a00000, 0x0000000706a00000| Untracked 
|  48|0x0000000706c00000, 0x0000000706c00000, 0x0000000706e00000|  0%| F|  |TAMS 0x0000000706c00000, 0x0000000706c00000| Untracked 
|  49|0x0000000706e00000, 0x0000000706e00000, 0x0000000707000000|  0%| F|  |TAMS 0x0000000706e00000, 0x0000000706e00000| Untracked 
|  50|0x0000000707000000, 0x0000000707000000, 0x0000000707200000|  0%| F|  |TAMS 0x0000000707000000, 0x0000000707000000| Untracked 
|  51|0x0000000707200000, 0x0000000707200000, 0x0000000707400000|  0%| F|  |TAMS 0x0000000707200000, 0x0000000707200000| Untracked 
|  52|0x0000000707400000, 0x0000000707400000, 0x0000000707600000|  0%| F|  |TAMS 0x0000000707400000, 0x0000000707400000| Untracked 
|  53|0x0000000707600000, 0x0000000707600000, 0x0000000707800000|  0%| F|  |TAMS 0x0000000707600000, 0x0000000707600000| Untracked 
|  54|0x0000000707800000, 0x0000000707800000, 0x0000000707a00000|  0%| F|  |TAMS 0x0000000707800000, 0x0000000707800000| Untracked 
|  55|0x0000000707a00000, 0x0000000707a00000, 0x0000000707c00000|  0%| F|  |TAMS 0x0000000707a00000, 0x0000000707a00000| Untracked 
|  56|0x0000000707c00000, 0x0000000707c00000, 0x0000000707e00000|  0%| F|  |TAMS 0x0000000707c00000, 0x0000000707c00000| Untracked 
|  57|0x0000000707e00000, 0x0000000707e00000, 0x0000000708000000|  0%| F|  |TAMS 0x0000000707e00000, 0x0000000707e00000| Untracked 
|  58|0x0000000708000000, 0x0000000708000000, 0x0000000708200000|  0%| F|  |TAMS 0x0000000708000000, 0x0000000708000000| Untracked 
|  59|0x0000000708200000, 0x0000000708200000, 0x0000000708400000|  0%| F|  |TAMS 0x0000000708200000, 0x0000000708200000| Untracked 
|  60|0x0000000708400000, 0x0000000708400000, 0x0000000708600000|  0%| F|  |TAMS 0x0000000708400000, 0x0000000708400000| Untracked 
|  61|0x0000000708600000, 0x0000000708600000, 0x0000000708800000|  0%| F|  |TAMS 0x0000000708600000, 0x0000000708600000| Untracked 
|  62|0x0000000708800000, 0x0000000708800000, 0x0000000708a00000|  0%| F|  |TAMS 0x0000000708800000, 0x0000000708800000| Untracked 
|  63|0x0000000708a00000, 0x0000000708a00000, 0x0000000708c00000|  0%| F|  |TAMS 0x0000000708a00000, 0x0000000708a00000| Untracked 
|  64|0x0000000708c00000, 0x0000000708c00000, 0x0000000708e00000|  0%| F|  |TAMS 0x0000000708c00000, 0x0000000708c00000| Untracked 
|  65|0x0000000708e00000, 0x0000000708e00000, 0x0000000709000000|  0%| F|  |TAMS 0x0000000708e00000, 0x0000000708e00000| Untracked 
|  66|0x0000000709000000, 0x0000000709000000, 0x0000000709200000|  0%| F|  |TAMS 0x0000000709000000, 0x0000000709000000| Untracked 
|  67|0x0000000709200000, 0x0000000709200000, 0x0000000709400000|  0%| F|  |TAMS 0x0000000709200000, 0x0000000709200000| Untracked 
|  68|0x0000000709400000, 0x0000000709400000, 0x0000000709600000|  0%| F|  |TAMS 0x0000000709400000, 0x0000000709400000| Untracked 
|  69|0x0000000709600000, 0x0000000709600000, 0x0000000709800000|  0%| F|  |TAMS 0x0000000709600000, 0x0000000709600000| Untracked 
|  70|0x0000000709800000, 0x0000000709800000, 0x0000000709a00000|  0%| F|  |TAMS 0x0000000709800000, 0x0000000709800000| Untracked 
|  71|0x0000000709a00000, 0x0000000709a00000, 0x0000000709c00000|  0%| F|  |TAMS 0x0000000709a00000, 0x0000000709a00000| Untracked 
|  72|0x0000000709c00000, 0x0000000709c00000, 0x0000000709e00000|  0%| F|  |TAMS 0x0000000709c00000, 0x0000000709c00000| Untracked 
|  73|0x0000000709e00000, 0x0000000709e00000, 0x000000070a000000|  0%| F|  |TAMS 0x0000000709e00000, 0x0000000709e00000| Untracked 
|  74|0x000000070a000000, 0x000000070a000000, 0x000000070a200000|  0%| F|  |TAMS 0x000000070a000000, 0x000000070a000000| Untracked 
|  75|0x000000070a200000, 0x000000070a200000, 0x000000070a400000|  0%| F|  |TAMS 0x000000070a200000, 0x000000070a200000| Untracked 
|  76|0x000000070a400000, 0x000000070a400000, 0x000000070a600000|  0%| F|  |TAMS 0x000000070a400000, 0x000000070a400000| Untracked 
|  77|0x000000070a600000, 0x000000070a600000, 0x000000070a800000|  0%| F|  |TAMS 0x000000070a600000, 0x000000070a600000| Untracked 
|  78|0x000000070a800000, 0x000000070a800000, 0x000000070aa00000|  0%| F|  |TAMS 0x000000070a800000, 0x000000070a800000| Untracked 
|  79|0x000000070aa00000, 0x000000070aa00000, 0x000000070ac00000|  0%| F|  |TAMS 0x000000070aa00000, 0x000000070aa00000| Untracked 
|  80|0x000000070ac00000, 0x000000070ac00000, 0x000000070ae00000|  0%| F|  |TAMS 0x000000070ac00000, 0x000000070ac00000| Untracked 
|  81|0x000000070ae00000, 0x000000070ae00000, 0x000000070b000000|  0%| F|  |TAMS 0x000000070ae00000, 0x000000070ae00000| Untracked 
|  82|0x000000070b000000, 0x000000070b000000, 0x000000070b200000|  0%| F|  |TAMS 0x000000070b000000, 0x000000070b000000| Untracked 
|  83|0x000000070b200000, 0x000000070b200000, 0x000000070b400000|  0%| F|  |TAMS 0x000000070b200000, 0x000000070b200000| Untracked 
|  84|0x000000070b400000, 0x000000070b400000, 0x000000070b600000|  0%| F|  |TAMS 0x000000070b400000, 0x000000070b400000| Untracked 
|  85|0x000000070b600000, 0x000000070b600000, 0x000000070b800000|  0%| F|  |TAMS 0x000000070b600000, 0x000000070b600000| Untracked 
|  86|0x000000070b800000, 0x000000070b800000, 0x000000070ba00000|  0%| F|  |TAMS 0x000000070b800000, 0x000000070b800000| Untracked 
|  87|0x000000070ba00000, 0x000000070ba00000, 0x000000070bc00000|  0%| F|  |TAMS 0x000000070ba00000, 0x000000070ba00000| Untracked 
|  88|0x000000070bc00000, 0x000000070bc00000, 0x000000070be00000|  0%| F|  |TAMS 0x000000070bc00000, 0x000000070bc00000| Untracked 
|  89|0x000000070be00000, 0x000000070be00000, 0x000000070c000000|  0%| F|  |TAMS 0x000000070be00000, 0x000000070be00000| Untracked 
|  90|0x000000070c000000, 0x000000070c000000, 0x000000070c200000|  0%| F|  |TAMS 0x000000070c000000, 0x000000070c000000| Untracked 
|  91|0x000000070c200000, 0x000000070c200000, 0x000000070c400000|  0%| F|  |TAMS 0x000000070c200000, 0x000000070c200000| Untracked 
|  92|0x000000070c400000, 0x000000070c400000, 0x000000070c600000|  0%| F|  |TAMS 0x000000070c400000, 0x000000070c400000| Untracked 
|  93|0x000000070c600000, 0x000000070c600000, 0x000000070c800000|  0%| F|  |TAMS 0x000000070c600000, 0x000000070c600000| Untracked 
|  94|0x000000070c800000, 0x000000070c800000, 0x000000070ca00000|  0%| F|  |TAMS 0x000000070c800000, 0x000000070c800000| Untracked 
|  95|0x000000070ca00000, 0x000000070ca00000, 0x000000070cc00000|  0%| F|  |TAMS 0x000000070ca00000, 0x000000070ca00000| Untracked 
|  96|0x000000070cc00000, 0x000000070cc00000, 0x000000070ce00000|  0%| F|  |TAMS 0x000000070cc00000, 0x000000070cc00000| Untracked 
|  97|0x000000070ce00000, 0x000000070ce00000, 0x000000070d000000|  0%| F|  |TAMS 0x000000070ce00000, 0x000000070ce00000| Untracked 
|  98|0x000000070d000000, 0x000000070d000000, 0x000000070d200000|  0%| F|  |TAMS 0x000000070d000000, 0x000000070d000000| Untracked 
|  99|0x000000070d200000, 0x000000070d200000, 0x000000070d400000|  0%| F|  |TAMS 0x000000070d200000, 0x000000070d200000| Untracked 
| 100|0x000000070d400000, 0x000000070d400000, 0x000000070d600000|  0%| F|  |TAMS 0x000000070d400000, 0x000000070d400000| Untracked 
| 101|0x000000070d600000, 0x000000070d600000, 0x000000070d800000|  0%| F|  |TAMS 0x000000070d600000, 0x000000070d600000| Untracked 
| 102|0x000000070d800000, 0x000000070d800000, 0x000000070da00000|  0%| F|  |TAMS 0x000000070d800000, 0x000000070d800000| Untracked 
| 103|0x000000070da00000, 0x000000070da00000, 0x000000070dc00000|  0%| F|  |TAMS 0x000000070da00000, 0x000000070da00000| Untracked 
| 104|0x000000070dc00000, 0x000000070dc00000, 0x000000070de00000|  0%| F|  |TAMS 0x000000070dc00000, 0x000000070dc00000| Untracked 
| 105|0x000000070de00000, 0x000000070de00000, 0x000000070e000000|  0%| F|  |TAMS 0x000000070de00000, 0x000000070de00000| Untracked 
| 106|0x000000070e000000, 0x000000070e000000, 0x000000070e200000|  0%| F|  |TAMS 0x000000070e000000, 0x000000070e000000| Untracked 
| 107|0x000000070e200000, 0x000000070e200000, 0x000000070e400000|  0%| F|  |TAMS 0x000000070e200000, 0x000000070e200000| Untracked 
| 108|0x000000070e400000, 0x000000070e400000, 0x000000070e600000|  0%| F|  |TAMS 0x000000070e400000, 0x000000070e400000| Untracked 
| 109|0x000000070e600000, 0x000000070e600000, 0x000000070e800000|  0%| F|  |TAMS 0x000000070e600000, 0x000000070e600000| Untracked 
| 110|0x000000070e800000, 0x000000070e800000, 0x000000070ea00000|  0%| F|  |TAMS 0x000000070e800000, 0x000000070e800000| Untracked 
| 111|0x000000070ea00000, 0x000000070ea00000, 0x000000070ec00000|  0%| F|  |TAMS 0x000000070ea00000, 0x000000070ea00000| Untracked 
| 112|0x000000070ec00000, 0x000000070ec00000, 0x000000070ee00000|  0%| F|  |TAMS 0x000000070ec00000, 0x000000070ec00000| Untracked 
| 113|0x000000070ee00000, 0x000000070ee00000, 0x000000070f000000|  0%| F|  |TAMS 0x000000070ee00000, 0x000000070ee00000| Untracked 
| 114|0x000000070f000000, 0x000000070f000000, 0x000000070f200000|  0%| F|  |TAMS 0x000000070f000000, 0x000000070f000000| Untracked 
| 115|0x000000070f200000, 0x000000070f200000, 0x000000070f400000|  0%| F|  |TAMS 0x000000070f200000, 0x000000070f200000| Untracked 
| 116|0x000000070f400000, 0x000000070f400000, 0x000000070f600000|  0%| F|  |TAMS 0x000000070f400000, 0x000000070f400000| Untracked 
| 117|0x000000070f600000, 0x000000070f600000, 0x000000070f800000|  0%| F|  |TAMS 0x000000070f600000, 0x000000070f600000| Untracked 
| 118|0x000000070f800000, 0x000000070f800000, 0x000000070fa00000|  0%| F|  |TAMS 0x000000070f800000, 0x000000070f800000| Untracked 
| 119|0x000000070fa00000, 0x000000070fa00000, 0x000000070fc00000|  0%| F|  |TAMS 0x000000070fa00000, 0x000000070fa00000| Untracked 
| 120|0x000000070fc00000, 0x000000070fdaf2b8, 0x000000070fe00000| 84%| E|  |TAMS 0x000000070fc00000, 0x000000070fc00000| Complete 
| 121|0x000000070fe00000, 0x0000000710000000, 0x0000000710000000|100%| E|CS|TAMS 0x000000070fe00000, 0x000000070fe00000| Complete 
| 122|0x0000000710000000, 0x00000007101687a8, 0x0000000710200000| 70%| S|CS|TAMS 0x0000000710000000, 0x0000000710000000| Complete 
| 123|0x0000000710200000, 0x0000000710400000, 0x0000000710400000|100%| E|CS|TAMS 0x0000000710200000, 0x0000000710200000| Complete 
| 124|0x0000000710400000, 0x0000000710600000, 0x0000000710600000|100%| E|CS|TAMS 0x0000000710400000, 0x0000000710400000| Complete 
| 125|0x0000000710600000, 0x0000000710800000, 0x0000000710800000|100%| E|CS|TAMS 0x0000000710600000, 0x0000000710600000| Complete 
| 126|0x0000000710800000, 0x0000000710a00000, 0x0000000710a00000|100%| E|CS|TAMS 0x0000000710800000, 0x0000000710800000| Complete 
| 127|0x0000000710a00000, 0x0000000710c00000, 0x0000000710c00000|100%| E|CS|TAMS 0x0000000710a00000, 0x0000000710a00000| Complete 

Card table byte_map: [0x000002d0974a0000,0x000002d097ca0000] _byte_map_base: 0x000002d093c9a000

Marking Bits (Prev, Next): (CMBitMap*) 0x000002d08a8bcca0, (CMBitMap*) 0x000002d08a8bcce0
 Prev Bits: [0x000002d0984a0000, 0x000002d09c470000)
 Next Bits: [0x000002d09c470000, 0x000002d0a0440000)

Polling page: 0x000002d08a6b0000

Metaspace:

Usage:
  Non-class:      8.47 MB used.
      Class:      1.34 MB used.
       Both:      9.81 MB used.

Virtual space:
  Non-class space:       16.00 MB reserved,       8.56 MB ( 54%) committed,  2 nodes.
      Class space:        1.00 GB reserved,       1.50 MB ( <1%) committed,  1 nodes.
             Both:        1.02 GB reserved,      10.06 MB ( <1%) committed. 

Chunk freelists:
   Non-Class:  2.48 MB
       Class:  2.48 MB
        Both:  4.97 MB

MaxMetaspaceSize: unlimited
CompressedClassSpaceSize: 1.00 GB
Initial GC threshold: 21.00 MB
Current GC threshold: 21.00 MB
CDS: on
MetaspaceReclaimPolicy: balanced
 - commit_granule_bytes: 65536.
 - commit_granule_words: 8192.
 - virtual_space_node_default_size: 1048576.
 - enlarge_chunks_in_place: 1.
 - new_chunks_are_fully_committed: 0.
 - uncommit_free_chunks: 1.
 - use_allocation_guard: 0.
 - handle_deallocations: 1.


Internal statistics:

num_allocs_failed_limit: 0.
num_arena_births: 226.
num_arena_deaths: 0.
num_vsnodes_births: 3.
num_vsnodes_deaths: 0.
num_space_committed: 161.
num_space_uncommitted: 0.
num_chunks_returned_to_freelist: 0.
num_chunks_taken_from_freelist: 476.
num_chunk_merges: 0.
num_chunk_splits: 282.
num_chunks_enlarged: 175.
num_purges: 0.
num_inconsistent_stats: 0.

CodeCache: size=49152Kb used=4955Kb max_used=4955Kb free=44196Kb
 bounds [0x000002d093840000, 0x000002d093d20000, 0x000002d096840000]
 total_blobs=2298 nmethods=1836 adapters=387
 compilation: enabled
              stopped_count=0, restarted_count=0
 full_count=0

Compilation events (20 events):
Event: 1.254 Thread 0x000002d0a34b7950 nmethod 1827 0x000002d093d12610 code [0x000002d093d127a0, 0x000002d093d12888]
Event: 1.254 Thread 0x000002d0a34b7950 1828       1       java.util.HashMap$KeySet::size (8 bytes)
Event: 1.254 Thread 0x000002d0a2a98fa0 nmethod 1826 0x000002d093d12910 code [0x000002d093d12b60, 0x000002d093d13278]
Event: 1.254 Thread 0x000002d0a34b7950 nmethod 1828 0x000002d093d13710 code [0x000002d093d138a0, 0x000002d093d13978]
Event: 1.254 Thread 0x000002d0a34b6da0 1829       1       org.apache.commons.logging.LogAdapter$Slf4jLog::isTraceEnabled (10 bytes)
Event: 1.254 Thread 0x000002d0a2a98fa0 1830       1       ch.qos.logback.classic.Logger::isTraceEnabled (6 bytes)
Event: 1.254 Thread 0x000002d0a2a98fa0 nmethod 1830 0x000002d093d13a10 code [0x000002d093d13ba0, 0x000002d093d13c88]
Event: 1.255 Thread 0x000002d0a34b6da0 nmethod 1829 0x000002d093d13d10 code [0x000002d093d13ea0, 0x000002d093d13fc8]
Event: 1.255 Thread 0x000002d0a34b7950 1831       1       ch.qos.logback.classic.Logger::isTraceEnabled (77 bytes)
Event: 1.255 Thread 0x000002d0a2a98fa0 1832       1       org.springframework.boot.context.properties.source.SystemEnvironmentPropertyMapper::convertLegacyNameElement (15 bytes)
Event: 1.255 Thread 0x000002d0a34b6da0 1833       1       org.springframework.boot.context.properties.source.DefaultPropertyMapper$LastMapping::<init> (15 bytes)
Event: 1.255 Thread 0x000002d0a34b6da0 nmethod 1833 0x000002d093d14090 code [0x000002d093d14220, 0x000002d093d14398]
Event: 1.255 Thread 0x000002d0a2a98fa0 nmethod 1832 0x000002d093d14410 code [0x000002d093d145c0, 0x000002d093d14768]
Event: 1.255 Thread 0x000002d0a34b7950 nmethod 1831 0x000002d093d14890 code [0x000002d093d14ac0, 0x000002d093d15038]
Event: 1.261 Thread 0x000002d0a2a98fa0 1834       1       ch.qos.logback.core.subst.Tokenizer::handleLiteralState (121 bytes)
Event: 1.262 Thread 0x000002d0a2a98fa0 nmethod 1834 0x000002d093d15390 code [0x000002d093d15660, 0x000002d093d160e8]
Event: 1.266 Thread 0x000002d0a34b7950 1835       1       java.util.logging.LogManager::getProperty (9 bytes)
Event: 1.266 Thread 0x000002d0a34b7950 nmethod 1835 0x000002d093d16510 code [0x000002d093d166a0, 0x000002d093d16788]
Event: 1.267 Thread 0x000002d0a34b7950 1836       1       ch.qos.logback.core.subst.Parser::peekAtCurentToken (35 bytes)
Event: 1.268 Thread 0x000002d0a34b7950 nmethod 1836 0x000002d093d16810 code [0x000002d093d169c0, 0x000002d093d16b78]

GC Heap History (4 events):
Event: 0.552 GC heap before
{Heap before GC invocations=0 (full 0):
 garbage-first heap   total 262144K, used 10240K [0x0000000700c00000, 0x0000000800000000)
  region size 2048K, 6 young (12288K), 0 survivors (0K)
 Metaspace       used 4564K, committed 4800K, reserved 1056768K
  class space    used 546K, committed 640K, reserved 1048576K
}
Event: 0.559 GC heap after
{Heap after GC invocations=1 (full 0):
 garbage-first heap   total 262144K, used 5503K [0x0000000700c00000, 0x0000000800000000)
  region size 2048K, 1 young (2048K), 1 survivors (2048K)
 Metaspace       used 4564K, committed 4800K, reserved 1056768K
  class space    used 546K, committed 640K, reserved 1048576K
}
Event: 0.932 GC heap before
{Heap before GC invocations=1 (full 0):
 garbage-first heap   total 262144K, used 15743K [0x0000000700c00000, 0x0000000800000000)
  region size 2048K, 6 young (12288K), 1 survivors (2048K)
 Metaspace       used 6850K, committed 7040K, reserved 1056768K
  class space    used 855K, committed 960K, reserved 1048576K
}
Event: 0.934 GC heap after
{Heap after GC invocations=2 (full 0):
 garbage-first heap   total 262144K, used 7066K [0x0000000700c00000, 0x0000000800000000)
  region size 2048K, 1 young (2048K), 1 survivors (2048K)
 Metaspace       used 6850K, committed 7040K, reserved 1056768K
  class space    used 855K, committed 960K, reserved 1048576K
}

Deoptimization events (2 events):
Event: 0.833 Thread 0x000002d08a86dec0 DEOPT PACKING pc=0x000002d093b23701 sp=0x000000fb9f1fd8b0
Event: 0.833 Thread 0x000002d08a86dec0 DEOPT UNPACKING pc=0x000002d093892b43 sp=0x000000fb9f1fcd08 mode 3

Classes unloaded (0 events):
No events

Classes redefined (0 events):
No events

Internal exceptions (20 events):
Event: 1.085 Thread 0x000002d08a86dec0 Exception <a 'java/lang/NoSuchMethodError'{0x000000071044b3a0}: 'java.lang.Object java.lang.invoke.DirectMethodHandle$Holder.newInvokeSpecial(java.lang.Object, java.lang.Object, java.lang.Object, java.lang.Object, java.lang.Object, java.lang.Object)'> (0x000000071044b3a0) 
thrown [t:\workspace\open\src\hotspot\share\interpreter\linkResolver.cpp, line 766]
Event: 1.101 Thread 0x000002d08a86dec0 Exception <a 'java/lang/NoSuchMethodError'{0x000000071053d3d0}: 'java.lang.Object java.lang.invoke.DirectMethodHandle$Holder.invokeSpecial(java.lang.Object, java.lang.Object, java.lang.Object, java.lang.Object, java.lang.Object, java.lang.Object, int)'> (0x000000071053d3d0) 
thrown [t:\workspace\open\src\hotspot\share\interpreter\linkResolver.cpp, line 766]
Event: 1.102 Thread 0x000002d08a86dec0 Exception <a 'java/lang/NoSuchMethodError'{0x0000000710547930}: 'java.lang.Object java.lang.invoke.DirectMethodHandle$Holder.newInvokeSpecial(java.lang.Object, java.lang.Object, java.lang.Object, java.lang.Object, java.lang.Object, java.lang.Object, int)'> (0x0000000710547930) 
thrown [t:\workspace\open\src\hotspot\share\interpreter\linkResolver.cpp, line 766]
Event: 1.102 Thread 0x000002d08a86dec0 Exception <a 'java/lang/NoSuchMethodError'{0x000000071054c970}: 'java.lang.Object java.lang.invoke.DirectMethodHandle$Holder.invokeSpecial(java.lang.Object, java.lang.Object, java.lang.Object, java.lang.Object, java.lang.Object, java.lang.Object, java.lang.Object, int)'> (0x000000071054c970) 
thrown [t:\workspace\open\src\hotspot\share\interpreter\linkResolver.cpp, line 766]
Event: 1.120 Thread 0x000002d0a3e19cf0 Exception <a 'java/lang/NoSuchMethodError'{0x000000071020f878}: static [B.<clinit>()V> (0x000000071020f878) 
thrown [t:\workspace\open\src\hotspot\share\prims\jni.cpp, line 1107]
Event: 1.129 Thread 0x000002d0a3e19cf0 Exception <a 'java/lang/ClassNotFoundException'{0x00000007102bb200}: javax/management/remote/rmi/RMIConnectionImpl_Skel> (0x00000007102bb200) 
thrown [t:\workspace\open\src\hotspot\share\classfile\systemDictionary.cpp, line 256]
Event: 1.132 Thread 0x000002d0a3e10360 Exception <a 'java/lang/NoSuchMethodError'{0x00000007103661d0}: 'java.lang.Object java.lang.invoke.Invokers$Holder.linkToTargetMethod(java.lang.Object, long, java.lang.Object)'> (0x00000007103661d0) 
thrown [t:\workspace\open\src\hotspot\share\interpreter\linkResolver.cpp, line 766]
Event: 1.142 Thread 0x000002d0a3e19cf0 Exception <a 'java/lang/reflect/InvocationTargetException'{0x00000007103973f8}> (0x00000007103973f8) 
thrown [t:\workspace\open\src\hotspot\share\runtime\reflection.cpp, line 1121]
Event: 1.147 Thread 0x000002d0a3e19cf0 Exception <a 'java/lang/NoSuchMethodError'{0x00000007103b9618}: static [Ljava/lang/StackTraceElement;.<clinit>()V> (0x00000007103b9618) 
thrown [t:\workspace\open\src\hotspot\share\prims\jni.cpp, line 1107]
Event: 1.169 Thread 0x000002d08a86dec0 Exception <a 'java/lang/NoSuchMethodError'{0x000000070fe77e70}: 'java.lang.Object java.lang.invoke.DirectMethodHandle$Holder.invokeSpecial(java.lang.Object, java.lang.Object, java.lang.Object, int, java.lang.Object)'> (0x000000070fe77e70) 
thrown [t:\workspace\open\src\hotspot\share\interpreter\linkResolver.cpp, line 766]
Event: 1.170 Thread 0x000002d08a86dec0 Exception <a 'java/lang/NoSuchMethodError'{0x000000070fe803e0}: 'java.lang.Object java.lang.invoke.DirectMethodHandle$Holder.newInvokeSpecial(java.lang.Object, java.lang.Object, java.lang.Object, int, java.lang.Object)'> (0x000000070fe803e0) 
thrown [t:\workspace\open\src\hotspot\share\interpreter\linkResolver.cpp, line 766]
Event: 1.171 Thread 0x000002d08a86dec0 Exception <a 'java/lang/NoSuchMethodError'{0x000000070fe87db0}: 'java.lang.Object java.lang.invoke.Invokers$Holder.linkToTargetMethod(java.lang.Object, java.lang.Object, int, java.lang.Object, java.lang.Object)'> (0x000000070fe87db0) 
thrown [t:\workspace\open\src\hotspot\share\interpreter\linkResolver.cpp, line 766]
Event: 1.173 Thread 0x000002d08a86dec0 Exception <a 'java/lang/NoSuchMethodError'{0x000000070fe96b00}: 'java.lang.Object java.lang.invoke.DirectMethodHandle$Holder.newInvokeSpecial(java.lang.Object, int, java.lang.Object)'> (0x000000070fe96b00) 
thrown [t:\workspace\open\src\hotspot\share\interpreter\linkResolver.cpp, line 766]
Event: 1.173 Thread 0x000002d08a86dec0 Exception <a 'java/lang/NoSuchMethodError'{0x000000070fe9aad0}: 'int java.lang.invoke.DirectMethodHandle$Holder.invokeSpecialIFC(java.lang.Object, java.lang.Object, java.lang.Object, java.lang.Object)'> (0x000000070fe9aad0) 
thrown [t:\workspace\open\src\hotspot\share\interpreter\linkResolver.cpp, line 766]
Event: 1.191 Thread 0x000002d08a86dec0 Exception <a 'java/lang/NoSuchMethodError'{0x000000070ff737a8}: 'java.lang.Object java.lang.invoke.DirectMethodHandle$Holder.invokeInterface(java.lang.Object, java.lang.Object)'> (0x000000070ff737a8) 
thrown [t:\workspace\open\src\hotspot\share\interpreter\linkResolver.cpp, line 766]
Event: 1.195 Thread 0x000002d08a86dec0 Exception <a 'java/lang/NoSuchMethodError'{0x000000070ff84ca0}: 'void java.lang.invoke.DirectMethodHandle$Holder.invokeInterface(java.lang.Object, java.lang.Object, java.lang.Object)'> (0x000000070ff84ca0) 
thrown [t:\workspace\open\src\hotspot\share\interpreter\linkResolver.cpp, line 766]
Event: 1.231 Thread 0x000002d08a86dec0 Exception <a 'java/lang/NoSuchMethodError'{0x000000070fc8e5e8}: 'void java.lang.invoke.DirectMethodHandle$Holder.invokeStatic(java.lang.Object, java.lang.Object, int)'> (0x000000070fc8e5e8) 
thrown [t:\workspace\open\src\hotspot\share\interpreter\linkResolver.cpp, line 766]
Event: 1.233 Thread 0x000002d08a86dec0 Exception <a 'java/lang/NoSuchMethodError'{0x000000070fc96358}: 'void java.lang.invoke.DirectMethodHandle$Holder.invokeStaticInit(java.lang.Object, java.lang.Object)'> (0x000000070fc96358) 
thrown [t:\workspace\open\src\hotspot\share\interpreter\linkResolver.cpp, line 766]
Event: 1.235 Thread 0x000002d08a86dec0 Exception <a 'java/lang/NoSuchMethodError'{0x000000070fca43f8}: 'void java.lang.invoke.DirectMethodHandle$Holder.invokeStaticInit(java.lang.Object, java.lang.Object, java.lang.Object)'> (0x000000070fca43f8) 
thrown [t:\workspace\open\src\hotspot\share\interpreter\linkResolver.cpp, line 766]
Event: 1.251 Thread 0x000002d08a86dec0 Exception <a 'java/lang/NoSuchMethodError'{0x000000070fcf6e20}: 'void java.lang.invoke.DirectMethodHandle$Holder.invokeVirtual(java.lang.Object, java.lang.Object, java.lang.Object, java.lang.Object)'> (0x000000070fcf6e20) 
thrown [t:\workspace\open\src\hotspot\share\interpreter\linkResolver.cpp, line 766]

VM Operations (18 events):
Event: 0.107 Executing VM operation: HandshakeAllThreads
Event: 0.107 Executing VM operation: HandshakeAllThreads done
Event: 0.234 Executing VM operation: HandshakeAllThreads
Event: 0.234 Executing VM operation: HandshakeAllThreads done
Event: 0.386 Executing VM operation: HandshakeAllThreads
Event: 0.386 Executing VM operation: HandshakeAllThreads done
Event: 0.552 Executing VM operation: G1CollectForAllocation
Event: 0.559 Executing VM operation: G1CollectForAllocation done
Event: 0.782 Executing VM operation: HandshakeAllThreads
Event: 0.782 Executing VM operation: HandshakeAllThreads done
Event: 0.932 Executing VM operation: G1CollectForAllocation
Event: 0.934 Executing VM operation: G1CollectForAllocation done
Event: 0.938 Executing VM operation: HandshakeAllThreads
Event: 0.938 Executing VM operation: HandshakeAllThreads done
Event: 1.128 Executing VM operation: HandshakeAllThreads
Event: 1.128 Executing VM operation: HandshakeAllThreads done
Event: 1.152 Executing VM operation: HandshakeAllThreads
Event: 1.152 Executing VM operation: HandshakeAllThreads done

Events (20 events):
Event: 1.231 loading class java/util/function/IntUnaryOperator
Event: 1.231 loading class java/util/function/IntUnaryOperator done
Event: 1.231 loading class java/util/stream/IntPipeline$4
Event: 1.231 loading class java/util/stream/IntPipeline$4 done
Event: 1.232 loading class java/util/stream/ForEachOps$ForEachOp$OfInt
Event: 1.232 loading class java/util/stream/ForEachOps$ForEachOp$OfInt done
Event: 1.232 loading class java/util/stream/IntPipeline$4$1
Event: 1.232 loading class java/util/stream/IntPipeline$4$1 done
Event: 1.232 loading class java/util/RegularEnumSet$EnumSetIterator
Event: 1.232 loading class java/util/RegularEnumSet$EnumSetIterator done
Event: 1.238 loading class java/nio/file/attribute/PosixFilePermission
Event: 1.238 loading class java/nio/file/attribute/PosixFilePermission done
Event: 1.239 loading class java/util/stream/ReduceOps$2
Event: 1.239 loading class java/util/stream/ReduceOps$2 done
Event: 1.239 loading class java/util/stream/ReduceOps$2ReducingSink
Event: 1.239 loading class java/util/stream/ReduceOps$2ReducingSink done
Event: 1.264 loading class java/util/Stack
Event: 1.264 loading class java/util/Stack done
Event: 1.265 loading class java/util/Vector$Itr
Event: 1.265 loading class java/util/Vector$Itr done


Dynamic libraries:
0x00007ff7ad360000 - 0x00007ff7ad370000 	C:\Program Files\Java\jdk-17.0.1\bin\java.exe
0x00007ffb8fef0000 - 0x00007ffb900e4000 	C:\Windows\SYSTEM32\ntdll.dll
0x00007ffb8e950000 - 0x00007ffb8ea0d000 	C:\Windows\System32\KERNEL32.DLL
0x00007ffb8d950000 - 0x00007ffb8dc17000 	C:\Windows\System32\KERNELBASE.dll
0x00007ffb8d740000 - 0x00007ffb8d840000 	C:\Windows\System32\ucrtbase.dll
0x00007ffb886c0000 - 0x00007ffb886da000 	C:\Program Files\Java\jdk-17.0.1\bin\VCRUNTIME140.dll
0x00007ffb88ec0000 - 0x00007ffb88ed8000 	C:\Program Files\Java\jdk-17.0.1\bin\jli.dll
0x00007ffb8e590000 - 0x00007ffb8e63a000 	C:\Windows\System32\ADVAPI32.dll
0x00007ffb8e3f0000 - 0x00007ffb8e48e000 	C:\Windows\System32\msvcrt.dll
0x00007ffb8e4f0000 - 0x00007ffb8e58b000 	C:\Windows\System32\sechost.dll
0x00007ffb8fbe0000 - 0x00007ffb8fd03000 	C:\Windows\System32\RPCRT4.dll
0x00007ffb8eb00000 - 0x00007ffb8eca0000 	C:\Windows\System32\USER32.dll
0x00007ffb8d710000 - 0x00007ffb8d732000 	C:\Windows\System32\win32u.dll
0x00007ffb8fbb0000 - 0x00007ffb8fbda000 	C:\Windows\System32\GDI32.dll
0x00007ffb8dcf0000 - 0x00007ffb8ddfa000 	C:\Windows\System32\gdi32full.dll
0x00007ffb8c340000 - 0x00007ffb8c5da000 	C:\Windows\WinSxS\amd64_microsoft.windows.common-controls_6595b64144ccf1df_6.0.19041.1_none_b555e41d4684ddec\COMCTL32.dll
0x00007ffb8dc50000 - 0x00007ffb8dced000 	C:\Windows\System32\msvcp_win.dll
0x00007ffb86aa0000 - 0x00007ffb86aaa000 	C:\Windows\SYSTEM32\VERSION.dll
0x00007ffb8fad0000 - 0x00007ffb8fb00000 	C:\Windows\System32\IMM32.DLL
0x00007ffb89010000 - 0x00007ffb8901c000 	C:\Program Files\Java\jdk-17.0.1\bin\vcruntime140_1.dll
0x00007ffb84b30000 - 0x00007ffb84bbd000 	C:\Program Files\Java\jdk-17.0.1\bin\msvcp140.dll
0x00007ffb5eba0000 - 0x00007ffb5f75e000 	C:\Program Files\Java\jdk-17.0.1\bin\server\jvm.dll
0x00007ffb8ea80000 - 0x00007ffb8ea88000 	C:\Windows\System32\PSAPI.DLL
0x00007ffb88f50000 - 0x00007ffb88f59000 	C:\Windows\SYSTEM32\WSOCK32.dll
0x00007ffb8bb80000 - 0x00007ffb8bba7000 	C:\Windows\SYSTEM32\WINMM.dll
0x00007ffb8fe40000 - 0x00007ffb8feab000 	C:\Windows\System32\WS2_32.dll
0x00007ffb8b490000 - 0x00007ffb8b4a3000 	C:\Windows\SYSTEM32\kernel.appcore.dll
0x00007ffb88de0000 - 0x00007ffb88dea000 	C:\Program Files\Java\jdk-17.0.1\bin\jimage.dll
0x00007ffb85a20000 - 0x00007ffb85c04000 	C:\Windows\SYSTEM32\DBGHELP.DLL
0x00007ffb834a0000 - 0x00007ffb834cc000 	C:\Windows\SYSTEM32\dbgcore.DLL
0x00007ffb8d690000 - 0x00007ffb8d70f000 	C:\Windows\System32\bcryptPrimitives.dll
0x00007ffb886b0000 - 0x00007ffb886be000 	C:\Program Files\Java\jdk-17.0.1\bin\instrument.dll
0x00007ffb88560000 - 0x00007ffb88585000 	C:\Program Files\Java\jdk-17.0.1\bin\java.dll
0x00007ffb711c0000 - 0x00007ffb71296000 	C:\Program Files\Java\jdk-17.0.1\bin\svml.dll
0x00007ffb8f1f0000 - 0x00007ffb8f924000 	C:\Windows\System32\SHELL32.dll
0x00007ffb8bbb0000 - 0x00007ffb8c33e000 	C:\Windows\SYSTEM32\windows.storage.dll
0x00007ffb8ee90000 - 0x00007ffb8f1e3000 	C:\Windows\System32\combase.dll
0x00007ffb8cf20000 - 0x00007ffb8cf4b000 	C:\Windows\SYSTEM32\Wldp.dll
0x00007ffb8ed80000 - 0x00007ffb8ee2e000 	C:\Windows\System32\SHCORE.dll
0x00007ffb8e490000 - 0x00007ffb8e4e5000 	C:\Windows\System32\shlwapi.dll
0x00007ffb8d580000 - 0x00007ffb8d59f000 	C:\Windows\SYSTEM32\profapi.dll
0x00007ffb87ed0000 - 0x00007ffb87ee8000 	C:\Program Files\Java\jdk-17.0.1\bin\zip.dll
0x00007ffb88510000 - 0x00007ffb88529000 	C:\Program Files\Java\jdk-17.0.1\bin\net.dll
0x00007ffb881b0000 - 0x00007ffb882b0000 	C:\Windows\SYSTEM32\WINHTTP.dll
0x00007ffb8cd10000 - 0x00007ffb8cd7a000 	C:\Windows\system32\mswsock.dll
0x00007ffb88140000 - 0x00007ffb88155000 	C:\Program Files\Java\jdk-17.0.1\bin\nio.dll
0x00007ffb84b10000 - 0x00007ffb84b2a000 	C:\Program Files\JetBrains\IntelliJ IDEA 2022.3.1\bin\breakgen64.dll
0x00007ffb8ca60000 - 0x00007ffb8cb2a000 	C:\Windows\SYSTEM32\DNSAPI.dll
0x00007ffb8ca20000 - 0x00007ffb8ca5b000 	C:\Windows\SYSTEM32\IPHLPAPI.DLL
0x00007ffb8ea70000 - 0x00007ffb8ea79000 	C:\Windows\System32\NSI.dll
0x0000000072090000 - 0x00000000720c5000 	C:\Program Files\Bonjour\mdnsNSP.dll
0x00007ffb86a50000 - 0x00007ffb86a5a000 	C:\Windows\System32\rasadhlp.dll
0x00007ffb87370000 - 0x00007ffb873ef000 	C:\Windows\System32\fwpuclnt.dll
0x00007ffb8dc20000 - 0x00007ffb8dc47000 	C:\Windows\System32\bcrypt.dll
0x00007ffb88500000 - 0x00007ffb88509000 	C:\Program Files\Java\jdk-17.0.1\bin\management.dll
0x00007ffb88110000 - 0x00007ffb8811b000 	C:\Program Files\Java\jdk-17.0.1\bin\management_ext.dll
0x00007ffb8d100000 - 0x00007ffb8d118000 	C:\Windows\SYSTEM32\CRYPTSP.dll
0x00000000729d0000 - 0x00000000729e9000 	C:\Program Files\Common Files\Crypto Pro\AppCompat\cpadvai.dll
0x00007ffb8c6c0000 - 0x00007ffb8c6f4000 	C:\Windows\system32\rsaenh.dll
0x00007ffb8d540000 - 0x00007ffb8d56e000 	C:\Windows\SYSTEM32\USERENV.dll
0x00007ffb8ce90000 - 0x00007ffb8ce9c000 	C:\Windows\SYSTEM32\CRYPTBASE.dll
0x00007ffb87990000 - 0x00007ffb879a7000 	C:\Windows\SYSTEM32\dhcpcsvc6.DLL
0x00007ffb87970000 - 0x00007ffb8798d000 	C:\Windows\SYSTEM32\dhcpcsvc.DLL
0x00007ffb75900000 - 0x00007ffb75917000 	C:\Windows\system32\napinsp.dll
0x00007ffb757f0000 - 0x00007ffb7580b000 	C:\Windows\system32\pnrpnsp.dll
0x00007ffb757d0000 - 0x00007ffb757e5000 	C:\Windows\system32\wshbth.dll
0x00007ffb88dc0000 - 0x00007ffb88ddd000 	C:\Windows\system32\NLAapi.dll
0x00007ffb757b0000 - 0x00007ffb757c2000 	C:\Windows\System32\winrnr.dll
0x00007ffb83030000 - 0x00007ffb83040000 	C:\Program Files\Java\jdk-17.0.1\bin\verify.dll

dbghelp: loaded successfully - version: 4.0.5 - missing functions: none
symbol engine: initialized successfully - sym options: 0x614 - pdb path: .;C:\Program Files\Java\jdk-17.0.1\bin;C:\Windows\SYSTEM32;C:\Windows\WinSxS\amd64_microsoft.windows.common-controls_6595b64144ccf1df_6.0.19041.1_none_b555e41d4684ddec;C:\Program Files\Java\jdk-17.0.1\bin\server;C:\Program Files\JetBrains\IntelliJ IDEA 2022.3.1\bin;C:\Program Files\Bonjour;C:\Program Files\Common Files\Crypto Pro\AppCompat

VM Arguments:
jvm_args: -XX:TieredStopAtLevel=1 -Dspring.output.ansi.enabled=always -Dcom.sun.management.jmxremote -Dspring.jmx.enabled=true -Dspring.liveBeansView.mbeanDomain -Dspring.application.admin.enabled=true -Dmanagement.endpoints.jmx.exposure.include=* -javaagent:C:\Program Files\JetBrains\IntelliJ IDEA 2022.3.1\lib\idea_rt.jar=52750:C:\Program Files\JetBrains\IntelliJ IDEA 2022.3.1\bin -Dfile.encoding=UTF-8 
java_command: ru.kata.spring.boot_security.demo.SpringBootSecurityDemoApplication
java_class_path (initial): D:\IdeWorkspase\PP_3_1_2_Boot_Security\target\classes;C:\Users\\.m2\repository\org\springframework\boot\spring-boot-starter-thymeleaf\2.6.2\spring-boot-starter-thymeleaf-2.6.2.jar;C:\Users\\.m2\repository\org\springframework\boot\spring-boot-starter\2.6.2\spring-boot-starter-2.6.2.jar;C:\Users\\.m2\repository\org\springframework\boot\spring-boot\2.6.2\spring-boot-2.6.2.jar;C:\Users\\.m2\repository\org\springframework\boot\spring-boot-autoconfigure\2.6.2\spring-boot-autoconfigure-2.6.2.jar;C:\Users\\.m2\repository\org\springframework\boot\spring-boot-starter-logging\2.6.2\spring-boot-starter-logging-2.6.2.jar;C:\Users\\.m2\repository\ch\qos\logback\logback-classic\1.2.9\logback-classic-1.2.9.jar;C:\Users\\.m2\repository\ch\qos\logback\logback-core\1.2.9\logback-core-1.2.9.jar;C:\Users\\.m2\repository\org\apache\logging\log4j\log4j-to-slf4j\2.17.0\log4j-to-slf4j-2.17.0.jar;C:\Users\\.m2\repository\org\apache\logging\log4j\log4j-api\2.17.0\log4j-api-2.17.0.jar;C:\Users\\.m2\repository\org\slf4j\jul-to-slf4j\1.7.32\jul-to-slf4j-1.7.32.jar;C:\Users\\.m2\repository\jakarta\annotation\jakarta.annotation-api\1.3.5\jakarta.annotation-api-1.3.5.jar;C:\Users\\.m2\repository\org\yaml\snakeyaml\1.29\snakeyaml-1.29.jar;C:\Users\\.m2\repository\org\thymeleaf\thymeleaf-spring5\3.0.14.RELEASE\thymeleaf-spring5-3.0.14.RELEASE.jar;C:\Users\\.m2\repository\org\thymeleaf\thymeleaf\3.0.14.RELEASE\thymeleaf-3.0.14.RELEASE.jar;C:\Users\\.m2\repository\org\attoparser\attoparser\2.0.5.RELEASE\attoparser-2.0.5.RELEASE.jar;C:\Users\\.m2\repository\org\unbescape\unbescape\1.1.6.RELEASE\unbescape-1.1.6.RELEASE.jar;C:\Users\\.m2\repository\org\slf4j\slf4j-api\1.7.32\slf4j-api-1.7.32.jar;C:\Users\\.m2\repository\org\thymeleaf\extras\thymeleaf-extras-java8time\3.0.4.RELEASE\thymeleaf-extras-java8time-3.0.4.RELEASE.jar;C:\Users\\.m2\repository\org\springframework\boot\spring-bo
Launcher Type: SUN_STANDARD

[Global flags]
     intx CICompilerCount                          = 3                                         {product} {ergonomic}
     uint ConcGCThreads                            = 1                                         {product} {ergonomic}
     uint G1ConcRefinementThreads                  = 4                                         {product} {ergonomic}
   size_t G1HeapRegionSize                         = 2097152                                   {product} {ergonomic}
    uintx GCDrainStackTargetSize                   = 64                                        {product} {ergonomic}
   size_t InitialHeapSize                          = 268435456                                 {product} {ergonomic}
     bool ManagementServer                         = true                                      {product} {command line}
   size_t MarkStackSize                            = 4194304                                   {product} {ergonomic}
   size_t MaxHeapSize                              = 4282384384                                {product} {ergonomic}
   size_t MaxNewSize                               = 2569011200                                {product} {ergonomic}
   size_t MinHeapDeltaBytes                        = 2097152                                   {product} {ergonomic}
   size_t MinHeapSize                              = 8388608                                   {product} {ergonomic}
    uintx NonProfiledCodeHeapSize                  = 0                                      {pd product} {ergonomic}
     bool ProfileInterpreter                       = false                                  {pd product} {command line}
    uintx ProfiledCodeHeapSize                     = 0                                      {pd product} {ergonomic}
   size_t SoftMaxHeapSize                          = 4282384384                             {manageable} {ergonomic}
     intx TieredStopAtLevel                        = 1                                         {product} {command line}
     bool UseCompressedClassPointers               = true                           {product lp64_product} {ergonomic}
     bool UseCompressedOops                        = true                           {product lp64_product} {ergonomic}
     bool UseG1GC                                  = true                                      {product} {ergonomic}
     bool UseLargePagesIndividualAllocation        = false                                  {pd product} {ergonomic}

Logging:
Log output configuration:
 #0: stdout all=warning uptime,level,tags
 #1: stderr all=off uptime,level,tags

Environment Variables:
JAVA_HOME=C:\Program Files\Java\jdk-17.0.1
PATH=C:\Program Files\Common Files\Oracle\Java\javapath;C:\Program Files (x86)\Common Files\Oracle\Java\javapath;C:\Program Files (x86)\Common Files\Intel\Shared Libraries\redist\intel64\compiler;C:\Windows\system32;C:\Windows;C:\Windows\System32\Wbem;C:\Windows\System32\WindowsPowerShell\v1.0\;C:\Windows\System32\OpenSSH\;C:\Program Files (x86)\NVIDIA Corporation\PhysX\Common;C:\Program Files\NVIDIA Corporation\NVIDIA NvDLISR;C:\Program Files\Git\cmd;C:\Program Files\nodejs\;C:\Program Files (x86)\dotnet\;C:\Program Files\MySQL\MySQL Shell 8.0\bin\;C:\Users\\AppData\Local\Programs\Python\Python310\Scripts\;C:\Users\\AppData\Local\Programs\Python\Python310\;C:\Users\\AppData\Local\Microsoft\WindowsApps;C:\Users\\AppData\Local\Programs\Microsoft VS Code\bin;C:\Users\\AppData\Local\gitkraken\bin;C:\Users\\AppData\Roaming\npm;C:\Users\\AppData\Local\GitHubDesktop\bin;C:\Program Files\apache-maven-3.8.7\bin;
USERNAME=
OS=Windows_NT
PROCESSOR_IDENTIFIER=AMD64 Family 23 Model 24 Stepping 1, AuthenticAMD



---------------  S Y S T E M  ---------------

OS:
 Windows 10 , 64 bit Build 19041 (10.0.19041.292)
OS uptime: 7 days 13:45 hours
Hyper-V role detected

CPU: total 4 (initial active 4) (4 cores per cpu, 1 threads per core) family 23 model 24 stepping 1 microcode 0x0, cx8, cmov, fxsr, mmx, 3dnowpref, sse, sse2, sse3, ssse3, sse4a, sse4.1, sse4.2, popcnt, lzcnt, tsc, tscinvbit, avx, avx2, aes, clmul, bmi1, bmi2, adx, sha, fma, vzeroupper, clflush, clflushopt, hv

Memory: 4k page, system-wide physical 16331M (2295M free)
TotalPageFile size 28914M (AvailPageFile size 4M)
current process WorkingSet (physical memory assigned to process): 76M, peak: 76M
current process commit charge ("private bytes"): 352M, peak: 352M

vm_info: Java HotSpot(TM) 64-Bit Server VM (17.0.1+12-LTS-39) for windows-amd64 JRE (17.0.1+12-LTS-39), built on Sep 27 2021 18:41:35 by "mach5one" with MS VC++ 16.8 (VS2019)

END.
